{"C:\\Users\\deepa\\Downloads\\SIKI\\server.js": {"path":"C:\\Users\\deepa\\Downloads\\SIKI\\server.js","statementMap":{"0":{"start":{"line":3,"column":16},"end":{"line":3,"column":34}},"1":{"start":{"line":4,"column":15},"end":{"line":4,"column":32}},"2":{"start":{"line":5,"column":13},"end":{"line":5,"column":28}},"3":{"start":{"line":6,"column":13},"end":{"line":6,"column":28}},"4":{"start":{"line":7,"column":11},"end":{"line":7,"column":24}},"5":{"start":{"line":8,"column":18},"end":{"line":8,"column":41}},"6":{"start":{"line":9,"column":24},"end":{"line":9,"column":57}},"7":{"start":{"line":12,"column":0},"end":{"line":12,"column":27}},"8":{"start":{"line":15,"column":9},"end":{"line":15,"column":13}},"9":{"start":{"line":16,"column":0},"end":{"line":22,"column":1}},"10":{"start":{"line":17,"column":2},"end":{"line":17,"column":39}},"11":{"start":{"line":18,"column":2},"end":{"line":18,"column":58}},"12":{"start":{"line":20,"column":2},"end":{"line":20,"column":62}},"13":{"start":{"line":21,"column":2},"end":{"line":21,"column":58}},"14":{"start":{"line":25,"column":9},"end":{"line":25,"column":13}},"15":{"start":{"line":26,"column":16},"end":{"line":26,"column":20}},"16":{"start":{"line":27,"column":21},"end":{"line":27,"column":25}},"17":{"start":{"line":29,"column":0},"end":{"line":36,"column":1}},"18":{"start":{"line":30,"column":2},"end":{"line":30,"column":40}},"19":{"start":{"line":31,"column":2},"end":{"line":31,"column":54}},"20":{"start":{"line":32,"column":2},"end":{"line":32,"column":51}},"21":{"start":{"line":34,"column":2},"end":{"line":34,"column":62}},"22":{"start":{"line":35,"column":2},"end":{"line":35,"column":61}},"23":{"start":{"line":39,"column":12},"end":{"line":39,"column":21}},"24":{"start":{"line":40,"column":13},"end":{"line":40,"column":37}},"25":{"start":{"line":43,"column":0},"end":{"line":43,"column":16}},"26":{"start":{"line":44,"column":0},"end":{"line":44,"column":24}},"27":{"start":{"line":45,"column":0},"end":{"line":45,"column":32}},"28":{"start":{"line":48,"column":16},"end":{"line":55,"column":2}},"29":{"start":{"line":50,"column":4},"end":{"line":50,"column":25}},"30":{"start":{"line":53,"column":4},"end":{"line":53,"column":51}},"31":{"start":{"line":57,"column":15},"end":{"line":57,"column":43}},"32":{"start":{"line":60,"column":0},"end":{"line":62,"column":1}},"33":{"start":{"line":61,"column":2},"end":{"line":61,"column":26}},"34":{"start":{"line":65,"column":11},"end":{"line":65,"column":59}},"35":{"start":{"line":68,"column":0},"end":{"line":68,"column":96}},"36":{"start":{"line":71,"column":40},"end":{"line":71,"column":72}},"37":{"start":{"line":75,"column":2},"end":{"line":84,"column":3}},"38":{"start":{"line":76,"column":4},"end":{"line":81,"column":5}},"39":{"start":{"line":77,"column":6},"end":{"line":77,"column":46}},"40":{"start":{"line":78,"column":6},"end":{"line":78,"column":57}},"41":{"start":{"line":80,"column":6},"end":{"line":80,"column":61}},"42":{"start":{"line":83,"column":4},"end":{"line":83,"column":61}},"43":{"start":{"line":88,"column":0},"end":{"line":88,"column":21}},"44":{"start":{"line":93,"column":0},"end":{"line":126,"column":3}},"45":{"start":{"line":94,"column":2},"end":{"line":125,"column":3}},"46":{"start":{"line":95,"column":32},"end":{"line":95,"column":40}},"47":{"start":{"line":97,"column":4},"end":{"line":99,"column":5}},"48":{"start":{"line":98,"column":6},"end":{"line":98,"column":89}},"49":{"start":{"line":102,"column":24},"end":{"line":106,"column":5}},"50":{"start":{"line":109,"column":4},"end":{"line":118,"column":5}},"51":{"start":{"line":110,"column":6},"end":{"line":117,"column":7}},"52":{"start":{"line":111,"column":23},"end":{"line":111,"column":71}},"53":{"start":{"line":112,"column":8},"end":{"line":112,"column":71}},"54":{"start":{"line":113,"column":8},"end":{"line":113,"column":65}},"55":{"start":{"line":115,"column":8},"end":{"line":115,"column":75}},"56":{"start":{"line":121,"column":4},"end":{"line":121,"column":65}},"57":{"start":{"line":123,"column":4},"end":{"line":123,"column":53}},"58":{"start":{"line":124,"column":4},"end":{"line":124,"column":95}},"59":{"start":{"line":129,"column":0},"end":{"line":164,"column":3}},"60":{"start":{"line":130,"column":2},"end":{"line":163,"column":3}},"61":{"start":{"line":131,"column":51},"end":{"line":131,"column":59}},"62":{"start":{"line":133,"column":4},"end":{"line":135,"column":5}},"63":{"start":{"line":134,"column":6},"end":{"line":134,"column":96}},"64":{"start":{"line":138,"column":25},"end":{"line":144,"column":5}},"65":{"start":{"line":147,"column":4},"end":{"line":156,"column":5}},"66":{"start":{"line":148,"column":6},"end":{"line":155,"column":7}},"67":{"start":{"line":149,"column":23},"end":{"line":149,"column":73}},"68":{"start":{"line":150,"column":8},"end":{"line":150,"column":72}},"69":{"start":{"line":151,"column":8},"end":{"line":151,"column":61}},"70":{"start":{"line":153,"column":8},"end":{"line":153,"column":76}},"71":{"start":{"line":159,"column":4},"end":{"line":159,"column":61}},"72":{"start":{"line":161,"column":4},"end":{"line":161,"column":48}},"73":{"start":{"line":162,"column":4},"end":{"line":162,"column":95}},"74":{"start":{"line":167,"column":0},"end":{"line":318,"column":3}},"75":{"start":{"line":168,"column":2},"end":{"line":317,"column":3}},"76":{"start":{"line":169,"column":4},"end":{"line":171,"column":5}},"77":{"start":{"line":170,"column":6},"end":{"line":170,"column":87}},"78":{"start":{"line":173,"column":22},"end":{"line":173,"column":35}},"79":{"start":{"line":177,"column":20},"end":{"line":177,"column":39}},"80":{"start":{"line":180,"column":4},"end":{"line":190,"column":5}},"81":{"start":{"line":181,"column":6},"end":{"line":189,"column":7}},"82":{"start":{"line":182,"column":20},"end":{"line":182,"column":77}},"83":{"start":{"line":183,"column":8},"end":{"line":186,"column":9}},"84":{"start":{"line":184,"column":10},"end":{"line":184,"column":73}},"85":{"start":{"line":185,"column":10},"end":{"line":185,"column":66}},"86":{"start":{"line":188,"column":8},"end":{"line":188,"column":83}},"87":{"start":{"line":193,"column":4},"end":{"line":193,"column":44}},"88":{"start":{"line":194,"column":22},"end":{"line":202,"column":5}},"89":{"start":{"line":198,"column":24},"end":{"line":198,"column":41}},"90":{"start":{"line":204,"column":20},"end":{"line":204,"column":39}},"91":{"start":{"line":205,"column":4},"end":{"line":205,"column":38}},"92":{"start":{"line":208,"column":30},"end":{"line":208,"column":56}},"93":{"start":{"line":212,"column":4},"end":{"line":293,"column":5}},"94":{"start":{"line":214,"column":6},"end":{"line":214,"column":44}},"95":{"start":{"line":217,"column":6},"end":{"line":217,"column":84}},"96":{"start":{"line":220,"column":6},"end":{"line":292,"column":7}},"97":{"start":{"line":221,"column":8},"end":{"line":221,"column":61}},"98":{"start":{"line":224,"column":28},"end":{"line":224,"column":54}},"99":{"start":{"line":225,"column":29},"end":{"line":225,"column":64}},"100":{"start":{"line":226,"column":23},"end":{"line":226,"column":49}},"101":{"start":{"line":229,"column":28},"end":{"line":229,"column":65}},"102":{"start":{"line":230,"column":8},"end":{"line":230,"column":25}},"103":{"start":{"line":231,"column":8},"end":{"line":231,"column":31}},"104":{"start":{"line":233,"column":8},"end":{"line":233,"column":59}},"105":{"start":{"line":235,"column":8},"end":{"line":270,"column":9}},"106":{"start":{"line":237,"column":32},"end":{"line":237,"column":46}},"107":{"start":{"line":238,"column":29},"end":{"line":238,"column":66}},"108":{"start":{"line":241,"column":31},"end":{"line":241,"column":58}},"109":{"start":{"line":243,"column":10},"end":{"line":254,"column":12}},"110":{"start":{"line":257,"column":31},"end":{"line":257,"column":57}},"111":{"start":{"line":259,"column":10},"end":{"line":269,"column":12}},"112":{"start":{"line":273,"column":8},"end":{"line":273,"column":57}},"113":{"start":{"line":276,"column":28},"end":{"line":276,"column":51}},"114":{"start":{"line":277,"column":29},"end":{"line":277,"column":88}},"115":{"start":{"line":278,"column":29},"end":{"line":278,"column":53}},"116":{"start":{"line":280,"column":8},"end":{"line":291,"column":10}},"117":{"start":{"line":296,"column":4},"end":{"line":296,"column":29}},"118":{"start":{"line":299,"column":4},"end":{"line":310,"column":5}},"119":{"start":{"line":300,"column":6},"end":{"line":309,"column":7}},"120":{"start":{"line":301,"column":8},"end":{"line":305,"column":11}},"121":{"start":{"line":306,"column":8},"end":{"line":306,"column":58}},"122":{"start":{"line":308,"column":8},"end":{"line":308,"column":82}},"123":{"start":{"line":313,"column":4},"end":{"line":313,"column":81}},"124":{"start":{"line":315,"column":4},"end":{"line":315,"column":55}},"125":{"start":{"line":316,"column":4},"end":{"line":316,"column":95}},"126":{"start":{"line":326,"column":16},"end":{"line":326,"column":81}},"127":{"start":{"line":326,"column":58},"end":{"line":326,"column":80}},"128":{"start":{"line":327,"column":22},"end":{"line":327,"column":51}},"129":{"start":{"line":330,"column":19},"end":{"line":330,"column":40}},"130":{"start":{"line":331,"column":17},"end":{"line":331,"column":26}},"131":{"start":{"line":332,"column":14},"end":{"line":332,"column":16}},"132":{"start":{"line":334,"column":2},"end":{"line":346,"column":3}},"133":{"start":{"line":335,"column":4},"end":{"line":335,"column":30}},"134":{"start":{"line":336,"column":4},"end":{"line":336,"column":15}},"135":{"start":{"line":337,"column":9},"end":{"line":346,"column":3}},"136":{"start":{"line":338,"column":4},"end":{"line":338,"column":23}},"137":{"start":{"line":339,"column":4},"end":{"line":339,"column":15}},"138":{"start":{"line":340,"column":9},"end":{"line":346,"column":3}},"139":{"start":{"line":341,"column":4},"end":{"line":341,"column":26}},"140":{"start":{"line":342,"column":4},"end":{"line":342,"column":15}},"141":{"start":{"line":343,"column":9},"end":{"line":346,"column":3}},"142":{"start":{"line":344,"column":4},"end":{"line":344,"column":28}},"143":{"start":{"line":345,"column":4},"end":{"line":345,"column":15}},"144":{"start":{"line":349,"column":22},"end":{"line":349,"column":24}},"145":{"start":{"line":350,"column":2},"end":{"line":354,"column":5}},"146":{"start":{"line":351,"column":4},"end":{"line":353,"column":5}},"147":{"start":{"line":352,"column":6},"end":{"line":352,"column":68}},"148":{"start":{"line":352,"column":54},"end":{"line":352,"column":65}},"149":{"start":{"line":357,"column":20},"end":{"line":357,"column":22}},"150":{"start":{"line":358,"column":2},"end":{"line":369,"column":5}},"151":{"start":{"line":359,"column":4},"end":{"line":368,"column":5}},"152":{"start":{"line":362,"column":20},"end":{"line":362,"column":35}},"153":{"start":{"line":363,"column":6},"end":{"line":367,"column":7}},"154":{"start":{"line":364,"column":20},"end":{"line":364,"column":49}},"155":{"start":{"line":365,"column":22},"end":{"line":365,"column":37}},"156":{"start":{"line":366,"column":8},"end":{"line":366,"column":31}},"157":{"start":{"line":372,"column":20},"end":{"line":372,"column":22}},"158":{"start":{"line":373,"column":27},"end":{"line":373,"column":109}},"159":{"start":{"line":374,"column":2},"end":{"line":381,"column":5}},"160":{"start":{"line":375,"column":22},"end":{"line":375,"column":40}},"161":{"start":{"line":376,"column":4},"end":{"line":380,"column":7}},"162":{"start":{"line":377,"column":6},"end":{"line":379,"column":7}},"163":{"start":{"line":378,"column":8},"end":{"line":378,"column":33}},"164":{"start":{"line":384,"column":18},"end":{"line":384,"column":20}},"165":{"start":{"line":385,"column":26},"end":{"line":385,"column":103}},"166":{"start":{"line":386,"column":2},"end":{"line":393,"column":5}},"167":{"start":{"line":387,"column":22},"end":{"line":387,"column":40}},"168":{"start":{"line":388,"column":4},"end":{"line":392,"column":7}},"169":{"start":{"line":389,"column":6},"end":{"line":391,"column":7}},"170":{"start":{"line":390,"column":8},"end":{"line":390,"column":27}},"171":{"start":{"line":395,"column":2},"end":{"line":405,"column":4}},"172":{"start":{"line":401,"column":67},"end":{"line":401,"column":92}},"173":{"start":{"line":409,"column":0},"end":{"line":515,"column":3}},"174":{"start":{"line":410,"column":2},"end":{"line":514,"column":3}},"175":{"start":{"line":411,"column":41},"end":{"line":411,"column":49}},"176":{"start":{"line":413,"column":4},"end":{"line":415,"column":5}},"177":{"start":{"line":414,"column":6},"end":{"line":414,"column":82}},"178":{"start":{"line":418,"column":22},"end":{"line":418,"column":26}},"179":{"start":{"line":419,"column":4},"end":{"line":428,"column":5}},"180":{"start":{"line":420,"column":6},"end":{"line":427,"column":7}},"181":{"start":{"line":421,"column":20},"end":{"line":421,"column":79}},"182":{"start":{"line":422,"column":8},"end":{"line":424,"column":9}},"183":{"start":{"line":423,"column":10},"end":{"line":423,"column":35}},"184":{"start":{"line":426,"column":8},"end":{"line":426,"column":85}},"185":{"start":{"line":431,"column":26},"end":{"line":431,"column":30}},"186":{"start":{"line":432,"column":4},"end":{"line":441,"column":5}},"187":{"start":{"line":433,"column":6},"end":{"line":440,"column":7}},"188":{"start":{"line":434,"column":20},"end":{"line":434,"column":76}},"189":{"start":{"line":435,"column":8},"end":{"line":437,"column":9}},"190":{"start":{"line":436,"column":10},"end":{"line":436,"column":39}},"191":{"start":{"line":439,"column":8},"end":{"line":439,"column":89}},"192":{"start":{"line":444,"column":21},"end":{"line":444,"column":23}},"193":{"start":{"line":446,"column":4},"end":{"line":490,"column":5}},"194":{"start":{"line":447,"column":6},"end":{"line":486,"column":7}},"195":{"start":{"line":449,"column":21},"end":{"line":449,"column":268}},"196":{"start":{"line":451,"column":8},"end":{"line":453,"column":9}},"197":{"start":{"line":452,"column":10},"end":{"line":452,"column":102}},"198":{"start":{"line":455,"column":8},"end":{"line":457,"column":9}},"199":{"start":{"line":456,"column":10},"end":{"line":456,"column":86}},"200":{"start":{"line":459,"column":8},"end":{"line":459,"column":45}},"201":{"start":{"line":461,"column":8},"end":{"line":461,"column":63}},"202":{"start":{"line":465,"column":8},"end":{"line":482,"column":9}},"203":{"start":{"line":466,"column":10},"end":{"line":475,"column":13}},"204":{"start":{"line":477,"column":10},"end":{"line":477,"column":116}},"205":{"start":{"line":480,"column":10},"end":{"line":480,"column":67}},"206":{"start":{"line":481,"column":10},"end":{"line":481,"column":85}},"207":{"start":{"line":484,"column":8},"end":{"line":484,"column":65}},"208":{"start":{"line":485,"column":8},"end":{"line":485,"column":83}},"209":{"start":{"line":489,"column":6},"end":{"line":489,"column":81}},"210":{"start":{"line":493,"column":4},"end":{"line":508,"column":5}},"211":{"start":{"line":494,"column":6},"end":{"line":507,"column":7}},"212":{"start":{"line":495,"column":26},"end":{"line":501,"column":9}},"213":{"start":{"line":503,"column":8},"end":{"line":503,"column":58}},"214":{"start":{"line":504,"column":8},"end":{"line":504,"column":59}},"215":{"start":{"line":506,"column":8},"end":{"line":506,"column":83}},"216":{"start":{"line":510,"column":4},"end":{"line":510,"column":51}},"217":{"start":{"line":512,"column":4},"end":{"line":512,"column":44}},"218":{"start":{"line":513,"column":4},"end":{"line":513,"column":95}},"219":{"start":{"line":520,"column":2},"end":{"line":522,"column":3}},"220":{"start":{"line":521,"column":4},"end":{"line":521,"column":113}},"221":{"start":{"line":525,"column":2},"end":{"line":536,"column":3}},"222":{"start":{"line":526,"column":4},"end":{"line":535,"column":5}},"223":{"start":{"line":527,"column":6},"end":{"line":527,"column":106}},"224":{"start":{"line":528,"column":11},"end":{"line":535,"column":5}},"225":{"start":{"line":529,"column":20},"end":{"line":529,"column":57}},"226":{"start":{"line":530,"column":6},"end":{"line":534,"column":7}},"227":{"start":{"line":531,"column":8},"end":{"line":531,"column":245}},"228":{"start":{"line":533,"column":8},"end":{"line":533,"column":143}},"229":{"start":{"line":538,"column":2},"end":{"line":555,"column":3}},"230":{"start":{"line":539,"column":4},"end":{"line":554,"column":5}},"231":{"start":{"line":540,"column":6},"end":{"line":540,"column":98}},"232":{"start":{"line":541,"column":11},"end":{"line":554,"column":5}},"233":{"start":{"line":542,"column":34},"end":{"line":542,"column":80}},"234":{"start":{"line":543,"column":26},"end":{"line":547,"column":7}},"235":{"start":{"line":544,"column":8},"end":{"line":546,"column":9}},"236":{"start":{"line":545,"column":10},"end":{"line":545,"column":51}},"237":{"start":{"line":549,"column":6},"end":{"line":553,"column":7}},"238":{"start":{"line":550,"column":8},"end":{"line":550,"column":167}},"239":{"start":{"line":552,"column":8},"end":{"line":552,"column":174}},"240":{"start":{"line":557,"column":2},"end":{"line":571,"column":3}},"241":{"start":{"line":558,"column":4},"end":{"line":570,"column":5}},"242":{"start":{"line":559,"column":28},"end":{"line":559,"column":53}},"243":{"start":{"line":560,"column":31},"end":{"line":560,"column":52}},"244":{"start":{"line":561,"column":22},"end":{"line":563,"column":7}},"245":{"start":{"line":562,"column":8},"end":{"line":562,"column":42}},"246":{"start":{"line":565,"column":6},"end":{"line":569,"column":7}},"247":{"start":{"line":566,"column":8},"end":{"line":566,"column":162}},"248":{"start":{"line":568,"column":8},"end":{"line":568,"column":190}},"249":{"start":{"line":573,"column":2},"end":{"line":581,"column":3}},"250":{"start":{"line":574,"column":4},"end":{"line":580,"column":5}},"251":{"start":{"line":575,"column":6},"end":{"line":575,"column":153}},"252":{"start":{"line":576,"column":11},"end":{"line":580,"column":5}},"253":{"start":{"line":577,"column":6},"end":{"line":577,"column":147}},"254":{"start":{"line":579,"column":6},"end":{"line":579,"column":162}},"255":{"start":{"line":584,"column":20},"end":{"line":587,"column":251}},"256":{"start":{"line":589,"column":2},"end":{"line":589,"column":65}},"257":{"start":{"line":593,"column":0},"end":{"line":620,"column":3}},"258":{"start":{"line":594,"column":2},"end":{"line":619,"column":3}},"259":{"start":{"line":595,"column":36},"end":{"line":595,"column":44}},"260":{"start":{"line":597,"column":4},"end":{"line":599,"column":5}},"261":{"start":{"line":598,"column":6},"end":{"line":598,"column":101}},"262":{"start":{"line":602,"column":4},"end":{"line":613,"column":5}},"263":{"start":{"line":603,"column":6},"end":{"line":612,"column":7}},"264":{"start":{"line":604,"column":8},"end":{"line":607,"column":11}},"265":{"start":{"line":608,"column":8},"end":{"line":608,"column":59}},"266":{"start":{"line":610,"column":8},"end":{"line":610,"column":83}},"267":{"start":{"line":611,"column":8},"end":{"line":611,"column":93}},"268":{"start":{"line":615,"column":4},"end":{"line":615,"column":75}},"269":{"start":{"line":617,"column":4},"end":{"line":617,"column":56}},"270":{"start":{"line":618,"column":4},"end":{"line":618,"column":95}},"271":{"start":{"line":623,"column":0},"end":{"line":650,"column":3}},"272":{"start":{"line":624,"column":2},"end":{"line":649,"column":3}},"273":{"start":{"line":625,"column":23},"end":{"line":625,"column":33}},"274":{"start":{"line":627,"column":4},"end":{"line":629,"column":5}},"275":{"start":{"line":628,"column":6},"end":{"line":628,"column":84}},"276":{"start":{"line":632,"column":22},"end":{"line":632,"column":26}},"277":{"start":{"line":633,"column":4},"end":{"line":643,"column":5}},"278":{"start":{"line":634,"column":6},"end":{"line":642,"column":7}},"279":{"start":{"line":635,"column":20},"end":{"line":635,"column":76}},"280":{"start":{"line":636,"column":8},"end":{"line":638,"column":9}},"281":{"start":{"line":637,"column":10},"end":{"line":637,"column":35}},"282":{"start":{"line":640,"column":8},"end":{"line":640,"column":89}},"283":{"start":{"line":641,"column":8},"end":{"line":641,"column":97}},"284":{"start":{"line":645,"column":4},"end":{"line":645,"column":45}},"285":{"start":{"line":647,"column":4},"end":{"line":647,"column":56}},"286":{"start":{"line":648,"column":4},"end":{"line":648,"column":95}},"287":{"start":{"line":653,"column":0},"end":{"line":698,"column":3}},"288":{"start":{"line":654,"column":2},"end":{"line":697,"column":3}},"289":{"start":{"line":657,"column":18},"end":{"line":657,"column":20}},"290":{"start":{"line":659,"column":4},"end":{"line":673,"column":5}},"291":{"start":{"line":660,"column":6},"end":{"line":672,"column":7}},"292":{"start":{"line":661,"column":25},"end":{"line":664,"column":16}},"293":{"start":{"line":666,"column":8},"end":{"line":669,"column":12}},"294":{"start":{"line":666,"column":44},"end":{"line":669,"column":9}},"295":{"start":{"line":671,"column":8},"end":{"line":671,"column":80}},"296":{"start":{"line":676,"column":4},"end":{"line":691,"column":5}},"297":{"start":{"line":677,"column":6},"end":{"line":690,"column":8}},"298":{"start":{"line":693,"column":4},"end":{"line":693,"column":50}},"299":{"start":{"line":695,"column":4},"end":{"line":695,"column":47}},"300":{"start":{"line":696,"column":4},"end":{"line":696,"column":95}},"301":{"start":{"line":701,"column":0},"end":{"line":728,"column":3}},"302":{"start":{"line":702,"column":2},"end":{"line":727,"column":3}},"303":{"start":{"line":703,"column":38},"end":{"line":703,"column":46}},"304":{"start":{"line":707,"column":4},"end":{"line":721,"column":5}},"305":{"start":{"line":708,"column":6},"end":{"line":720,"column":7}},"306":{"start":{"line":709,"column":28},"end":{"line":714,"column":9}},"307":{"start":{"line":716,"column":8},"end":{"line":716,"column":64}},"308":{"start":{"line":717,"column":8},"end":{"line":717,"column":87}},"309":{"start":{"line":719,"column":8},"end":{"line":719,"column":89}},"310":{"start":{"line":723,"column":4},"end":{"line":723,"column":74}},"311":{"start":{"line":725,"column":4},"end":{"line":725,"column":54}},"312":{"start":{"line":726,"column":4},"end":{"line":726,"column":95}},"313":{"start":{"line":731,"column":0},"end":{"line":733,"column":3}},"314":{"start":{"line":732,"column":2},"end":{"line":732,"column":59}},"315":{"start":{"line":736,"column":0},"end":{"line":736,"column":21}},"316":{"start":{"line":739,"column":0},"end":{"line":743,"column":1}},"317":{"start":{"line":740,"column":2},"end":{"line":742,"column":5}},"318":{"start":{"line":741,"column":4},"end":{"line":741,"column":67}}},"fnMap":{"0":{"name":"(anonymous_0)","decl":{"start":{"line":49,"column":15},"end":{"line":49,"column":16}},"loc":{"start":{"line":49,"column":34},"end":{"line":51,"column":3}},"line":49},"1":{"name":"(anonymous_1)","decl":{"start":{"line":52,"column":12},"end":{"line":52,"column":13}},"loc":{"start":{"line":52,"column":31},"end":{"line":54,"column":3}},"line":52},"2":{"name":"loadMobileNetModel","decl":{"start":{"line":74,"column":15},"end":{"line":74,"column":33}},"loc":{"start":{"line":74,"column":36},"end":{"line":85,"column":1}},"line":74},"3":{"name":"(anonymous_3)","decl":{"start":{"line":93,"column":31},"end":{"line":93,"column":32}},"loc":{"start":{"line":93,"column":51},"end":{"line":126,"column":1}},"line":93},"4":{"name":"(anonymous_4)","decl":{"start":{"line":129,"column":26},"end":{"line":129,"column":27}},"loc":{"start":{"line":129,"column":46},"end":{"line":164,"column":1}},"line":129},"5":{"name":"(anonymous_5)","decl":{"start":{"line":167,"column":57},"end":{"line":167,"column":58}},"loc":{"start":{"line":167,"column":77},"end":{"line":318,"column":1}},"line":167},"6":{"name":"(anonymous_6)","decl":{"start":{"line":198,"column":16},"end":{"line":198,"column":17}},"loc":{"start":{"line":198,"column":24},"end":{"line":198,"column":41}},"line":198},"7":{"name":"analyzeOCRText","decl":{"start":{"line":321,"column":9},"end":{"line":321,"column":23}},"loc":{"start":{"line":321,"column":33},"end":{"line":406,"column":1}},"line":321},"8":{"name":"(anonymous_8)","decl":{"start":{"line":326,"column":50},"end":{"line":326,"column":51}},"loc":{"start":{"line":326,"column":58},"end":{"line":326,"column":80}},"line":326},"9":{"name":"(anonymous_9)","decl":{"start":{"line":350,"column":16},"end":{"line":350,"column":17}},"loc":{"start":{"line":350,"column":24},"end":{"line":354,"column":3}},"line":350},"10":{"name":"(anonymous_10)","decl":{"start":{"line":352,"column":46},"end":{"line":352,"column":47}},"loc":{"start":{"line":352,"column":54},"end":{"line":352,"column":65}},"line":352},"11":{"name":"(anonymous_11)","decl":{"start":{"line":358,"column":16},"end":{"line":358,"column":17}},"loc":{"start":{"line":358,"column":24},"end":{"line":369,"column":3}},"line":358},"12":{"name":"(anonymous_12)","decl":{"start":{"line":374,"column":16},"end":{"line":374,"column":17}},"loc":{"start":{"line":374,"column":24},"end":{"line":381,"column":3}},"line":374},"13":{"name":"(anonymous_13)","decl":{"start":{"line":376,"column":29},"end":{"line":376,"column":30}},"loc":{"start":{"line":376,"column":41},"end":{"line":380,"column":5}},"line":376},"14":{"name":"(anonymous_14)","decl":{"start":{"line":386,"column":16},"end":{"line":386,"column":17}},"loc":{"start":{"line":386,"column":24},"end":{"line":393,"column":3}},"line":386},"15":{"name":"(anonymous_15)","decl":{"start":{"line":388,"column":28},"end":{"line":388,"column":29}},"loc":{"start":{"line":388,"column":36},"end":{"line":392,"column":5}},"line":388},"16":{"name":"(anonymous_16)","decl":{"start":{"line":401,"column":58},"end":{"line":401,"column":59}},"loc":{"start":{"line":401,"column":67},"end":{"line":401,"column":92}},"line":401},"17":{"name":"(anonymous_17)","decl":{"start":{"line":409,"column":22},"end":{"line":409,"column":23}},"loc":{"start":{"line":409,"column":42},"end":{"line":515,"column":1}},"line":409},"18":{"name":"generateEnhancedResponse","decl":{"start":{"line":518,"column":9},"end":{"line":518,"column":33}},"loc":{"start":{"line":518,"column":71},"end":{"line":590,"column":1}},"line":518},"19":{"name":"(anonymous_19)","decl":{"start":{"line":543,"column":55},"end":{"line":543,"column":56}},"loc":{"start":{"line":544,"column":8},"end":{"line":546,"column":9}},"line":544},"20":{"name":"(anonymous_20)","decl":{"start":{"line":544,"column":33},"end":{"line":544,"column":34}},"loc":{"start":{"line":545,"column":10},"end":{"line":545,"column":51}},"line":545},"21":{"name":"(anonymous_21)","decl":{"start":{"line":561,"column":43},"end":{"line":561,"column":44}},"loc":{"start":{"line":562,"column":8},"end":{"line":562,"column":42}},"line":562},"22":{"name":"(anonymous_22)","decl":{"start":{"line":593,"column":34},"end":{"line":593,"column":35}},"loc":{"start":{"line":593,"column":54},"end":{"line":620,"column":1}},"line":593},"23":{"name":"(anonymous_23)","decl":{"start":{"line":623,"column":41},"end":{"line":623,"column":42}},"loc":{"start":{"line":623,"column":61},"end":{"line":650,"column":1}},"line":623},"24":{"name":"(anonymous_24)","decl":{"start":{"line":653,"column":24},"end":{"line":653,"column":25}},"loc":{"start":{"line":653,"column":44},"end":{"line":698,"column":1}},"line":653},"25":{"name":"(anonymous_25)","decl":{"start":{"line":666,"column":36},"end":{"line":666,"column":37}},"loc":{"start":{"line":666,"column":44},"end":{"line":669,"column":9}},"line":666},"26":{"name":"(anonymous_26)","decl":{"start":{"line":701,"column":32},"end":{"line":701,"column":33}},"loc":{"start":{"line":701,"column":52},"end":{"line":728,"column":1}},"line":701},"27":{"name":"(anonymous_27)","decl":{"start":{"line":731,"column":13},"end":{"line":731,"column":14}},"loc":{"start":{"line":731,"column":27},"end":{"line":733,"column":1}},"line":731},"28":{"name":"(anonymous_28)","decl":{"start":{"line":740,"column":19},"end":{"line":740,"column":20}},"loc":{"start":{"line":740,"column":25},"end":{"line":742,"column":3}},"line":740}},"branchMap":{"0":{"loc":{"start":{"line":40,"column":13},"end":{"line":40,"column":37}},"type":"binary-expr","locations":[{"start":{"line":40,"column":13},"end":{"line":40,"column":29}},{"start":{"line":40,"column":33},"end":{"line":40,"column":37}}],"line":40},"1":{"loc":{"start":{"line":60,"column":0},"end":{"line":62,"column":1}},"type":"if","locations":[{"start":{"line":60,"column":0},"end":{"line":62,"column":1}},{"start":{},"end":{}}],"line":60},"2":{"loc":{"start":{"line":68,"column":48},"end":{"line":68,"column":94}},"type":"cond-expr","locations":[{"start":{"line":68,"column":82},"end":{"line":68,"column":87}},{"start":{"line":68,"column":90},"end":{"line":68,"column":94}}],"line":68},"3":{"loc":{"start":{"line":75,"column":2},"end":{"line":84,"column":3}},"type":"if","locations":[{"start":{"line":75,"column":2},"end":{"line":84,"column":3}},{"start":{"line":82,"column":9},"end":{"line":84,"column":3}}],"line":75},"4":{"loc":{"start":{"line":97,"column":4},"end":{"line":99,"column":5}},"type":"if","locations":[{"start":{"line":97,"column":4},"end":{"line":99,"column":5}},{"start":{},"end":{}}],"line":97},"5":{"loc":{"start":{"line":104,"column":14},"end":{"line":104,"column":28}},"type":"binary-expr","locations":[{"start":{"line":104,"column":14},"end":{"line":104,"column":20}},{"start":{"line":104,"column":24},"end":{"line":104,"column":28}}],"line":104},"6":{"loc":{"start":{"line":105,"column":16},"end":{"line":105,"column":65}},"type":"cond-expr","locations":[{"start":{"line":105,"column":21},"end":{"line":105,"column":52}},{"start":{"line":105,"column":55},"end":{"line":105,"column":65}}],"line":105},"7":{"loc":{"start":{"line":109,"column":4},"end":{"line":118,"column":5}},"type":"if","locations":[{"start":{"line":109,"column":4},"end":{"line":118,"column":5}},{"start":{},"end":{}}],"line":109},"8":{"loc":{"start":{"line":133,"column":4},"end":{"line":135,"column":5}},"type":"if","locations":[{"start":{"line":133,"column":4},"end":{"line":135,"column":5}},{"start":{},"end":{}}],"line":133},"9":{"loc":{"start":{"line":133,"column":8},"end":{"line":133,"column":27}},"type":"binary-expr","locations":[{"start":{"line":133,"column":8},"end":{"line":133,"column":14}},{"start":{"line":133,"column":18},"end":{"line":133,"column":27}}],"line":133},"10":{"loc":{"start":{"line":139,"column":17},"end":{"line":139,"column":34}},"type":"binary-expr","locations":[{"start":{"line":139,"column":17},"end":{"line":139,"column":26}},{"start":{"line":139,"column":30},"end":{"line":139,"column":34}}],"line":139},"11":{"loc":{"start":{"line":140,"column":14},"end":{"line":140,"column":28}},"type":"binary-expr","locations":[{"start":{"line":140,"column":14},"end":{"line":140,"column":20}},{"start":{"line":140,"column":24},"end":{"line":140,"column":28}}],"line":140},"12":{"loc":{"start":{"line":143,"column":17},"end":{"line":143,"column":66}},"type":"cond-expr","locations":[{"start":{"line":143,"column":22},"end":{"line":143,"column":53}},{"start":{"line":143,"column":56},"end":{"line":143,"column":66}}],"line":143},"13":{"loc":{"start":{"line":147,"column":4},"end":{"line":156,"column":5}},"type":"if","locations":[{"start":{"line":147,"column":4},"end":{"line":156,"column":5}},{"start":{},"end":{}}],"line":147},"14":{"loc":{"start":{"line":169,"column":4},"end":{"line":171,"column":5}},"type":"if","locations":[{"start":{"line":169,"column":4},"end":{"line":171,"column":5}},{"start":{},"end":{}}],"line":169},"15":{"loc":{"start":{"line":180,"column":4},"end":{"line":190,"column":5}},"type":"if","locations":[{"start":{"line":180,"column":4},"end":{"line":190,"column":5}},{"start":{},"end":{}}],"line":180},"16":{"loc":{"start":{"line":183,"column":8},"end":{"line":186,"column":9}},"type":"if","locations":[{"start":{"line":183,"column":8},"end":{"line":186,"column":9}},{"start":{},"end":{}}],"line":183},"17":{"loc":{"start":{"line":212,"column":4},"end":{"line":293,"column":5}},"type":"if","locations":[{"start":{"line":212,"column":4},"end":{"line":293,"column":5}},{"start":{"line":215,"column":11},"end":{"line":293,"column":5}}],"line":212},"18":{"loc":{"start":{"line":220,"column":6},"end":{"line":292,"column":7}},"type":"if","locations":[{"start":{"line":220,"column":6},"end":{"line":292,"column":7}},{"start":{"line":271,"column":13},"end":{"line":292,"column":7}}],"line":220},"19":{"loc":{"start":{"line":220,"column":10},"end":{"line":220,"column":30}},"type":"binary-expr","locations":[{"start":{"line":220,"column":10},"end":{"line":220,"column":12}},{"start":{"line":220,"column":16},"end":{"line":220,"column":30}}],"line":220},"20":{"loc":{"start":{"line":235,"column":8},"end":{"line":270,"column":9}},"type":"if","locations":[{"start":{"line":235,"column":8},"end":{"line":270,"column":9}},{"start":{"line":255,"column":15},"end":{"line":270,"column":9}}],"line":235},"21":{"loc":{"start":{"line":235,"column":12},"end":{"line":235,"column":49}},"type":"binary-expr","locations":[{"start":{"line":235,"column":12},"end":{"line":235,"column":23}},{"start":{"line":235,"column":27},"end":{"line":235,"column":49}}],"line":235},"22":{"loc":{"start":{"line":299,"column":4},"end":{"line":310,"column":5}},"type":"if","locations":[{"start":{"line":299,"column":4},"end":{"line":310,"column":5}},{"start":{},"end":{}}],"line":299},"23":{"loc":{"start":{"line":303,"column":22},"end":{"line":303,"column":71}},"type":"cond-expr","locations":[{"start":{"line":303,"column":27},"end":{"line":303,"column":58}},{"start":{"line":303,"column":61},"end":{"line":303,"column":71}}],"line":303},"24":{"loc":{"start":{"line":327,"column":22},"end":{"line":327,"column":51}},"type":"binary-expr","locations":[{"start":{"line":327,"column":22},"end":{"line":327,"column":30}},{"start":{"line":327,"column":34},"end":{"line":327,"column":51}}],"line":327},"25":{"loc":{"start":{"line":334,"column":2},"end":{"line":346,"column":3}},"type":"if","locations":[{"start":{"line":334,"column":2},"end":{"line":346,"column":3}},{"start":{"line":337,"column":9},"end":{"line":346,"column":3}}],"line":334},"26":{"loc":{"start":{"line":334,"column":6},"end":{"line":334,"column":66}},"type":"binary-expr","locations":[{"start":{"line":334,"column":6},"end":{"line":334,"column":34}},{"start":{"line":334,"column":38},"end":{"line":334,"column":66}}],"line":334},"27":{"loc":{"start":{"line":337,"column":9},"end":{"line":346,"column":3}},"type":"if","locations":[{"start":{"line":337,"column":9},"end":{"line":346,"column":3}},{"start":{"line":340,"column":9},"end":{"line":346,"column":3}}],"line":337},"28":{"loc":{"start":{"line":337,"column":13},"end":{"line":337,"column":69}},"type":"binary-expr","locations":[{"start":{"line":337,"column":13},"end":{"line":337,"column":39}},{"start":{"line":337,"column":43},"end":{"line":337,"column":69}}],"line":337},"29":{"loc":{"start":{"line":340,"column":9},"end":{"line":346,"column":3}},"type":"if","locations":[{"start":{"line":340,"column":9},"end":{"line":346,"column":3}},{"start":{"line":343,"column":9},"end":{"line":346,"column":3}}],"line":340},"30":{"loc":{"start":{"line":340,"column":13},"end":{"line":340,"column":72}},"type":"binary-expr","locations":[{"start":{"line":340,"column":13},"end":{"line":340,"column":39}},{"start":{"line":340,"column":43},"end":{"line":340,"column":72}}],"line":340},"31":{"loc":{"start":{"line":343,"column":9},"end":{"line":346,"column":3}},"type":"if","locations":[{"start":{"line":343,"column":9},"end":{"line":346,"column":3}},{"start":{},"end":{}}],"line":343},"32":{"loc":{"start":{"line":343,"column":13},"end":{"line":343,"column":76}},"type":"binary-expr","locations":[{"start":{"line":343,"column":13},"end":{"line":343,"column":41}},{"start":{"line":343,"column":45},"end":{"line":343,"column":76}}],"line":343},"33":{"loc":{"start":{"line":351,"column":4},"end":{"line":353,"column":5}},"type":"if","locations":[{"start":{"line":351,"column":4},"end":{"line":353,"column":5}},{"start":{},"end":{}}],"line":351},"34":{"loc":{"start":{"line":351,"column":8},"end":{"line":351,"column":71}},"type":"binary-expr","locations":[{"start":{"line":351,"column":8},"end":{"line":351,"column":26}},{"start":{"line":351,"column":30},"end":{"line":351,"column":71}}],"line":351},"35":{"loc":{"start":{"line":359,"column":4},"end":{"line":368,"column":5}},"type":"if","locations":[{"start":{"line":359,"column":4},"end":{"line":368,"column":5}},{"start":{},"end":{}}],"line":359},"36":{"loc":{"start":{"line":359,"column":8},"end":{"line":361,"column":43}},"type":"binary-expr","locations":[{"start":{"line":359,"column":8},"end":{"line":359,"column":25}},{"start":{"line":359,"column":30},"end":{"line":359,"column":68}},{"start":{"line":360,"column":8},"end":{"line":360,"column":44}},{"start":{"line":361,"column":8},"end":{"line":361,"column":42}}],"line":359},"37":{"loc":{"start":{"line":363,"column":6},"end":{"line":367,"column":7}},"type":"if","locations":[{"start":{"line":363,"column":6},"end":{"line":367,"column":7}},{"start":{},"end":{}}],"line":363},"38":{"loc":{"start":{"line":377,"column":6},"end":{"line":379,"column":7}},"type":"if","locations":[{"start":{"line":377,"column":6},"end":{"line":379,"column":7}},{"start":{},"end":{}}],"line":377},"39":{"loc":{"start":{"line":389,"column":6},"end":{"line":391,"column":7}},"type":"if","locations":[{"start":{"line":389,"column":6},"end":{"line":391,"column":7}},{"start":{},"end":{}}],"line":389},"40":{"loc":{"start":{"line":400,"column":15},"end":{"line":400,"column":96}},"type":"cond-expr","locations":[{"start":{"line":400,"column":51},"end":{"line":400,"column":60}},{"start":{"line":400,"column":63},"end":{"line":400,"column":96}}],"line":400},"41":{"loc":{"start":{"line":401,"column":17},"end":{"line":401,"column":135}},"type":"cond-expr","locations":[{"start":{"line":401,"column":42},"end":{"line":401,"column":94}},{"start":{"line":401,"column":97},"end":{"line":401,"column":135}}],"line":401},"42":{"loc":{"start":{"line":413,"column":4},"end":{"line":415,"column":5}},"type":"if","locations":[{"start":{"line":413,"column":4},"end":{"line":415,"column":5}},{"start":{},"end":{}}],"line":413},"43":{"loc":{"start":{"line":419,"column":4},"end":{"line":428,"column":5}},"type":"if","locations":[{"start":{"line":419,"column":4},"end":{"line":428,"column":5}},{"start":{},"end":{}}],"line":419},"44":{"loc":{"start":{"line":419,"column":8},"end":{"line":419,"column":23}},"type":"binary-expr","locations":[{"start":{"line":419,"column":8},"end":{"line":419,"column":10}},{"start":{"line":419,"column":14},"end":{"line":419,"column":23}}],"line":419},"45":{"loc":{"start":{"line":422,"column":8},"end":{"line":424,"column":9}},"type":"if","locations":[{"start":{"line":422,"column":8},"end":{"line":424,"column":9}},{"start":{},"end":{}}],"line":422},"46":{"loc":{"start":{"line":432,"column":4},"end":{"line":441,"column":5}},"type":"if","locations":[{"start":{"line":432,"column":4},"end":{"line":441,"column":5}},{"start":{},"end":{}}],"line":432},"47":{"loc":{"start":{"line":432,"column":8},"end":{"line":432,"column":20}},"type":"binary-expr","locations":[{"start":{"line":432,"column":8},"end":{"line":432,"column":10}},{"start":{"line":432,"column":14},"end":{"line":432,"column":20}}],"line":432},"48":{"loc":{"start":{"line":435,"column":8},"end":{"line":437,"column":9}},"type":"if","locations":[{"start":{"line":435,"column":8},"end":{"line":437,"column":9}},{"start":{},"end":{}}],"line":435},"49":{"loc":{"start":{"line":446,"column":4},"end":{"line":490,"column":5}},"type":"if","locations":[{"start":{"line":446,"column":4},"end":{"line":490,"column":5}},{"start":{"line":487,"column":11},"end":{"line":490,"column":5}}],"line":446},"50":{"loc":{"start":{"line":446,"column":8},"end":{"line":446,"column":105}},"type":"binary-expr","locations":[{"start":{"line":446,"column":8},"end":{"line":446,"column":39}},{"start":{"line":446,"column":43},"end":{"line":446,"column":105}}],"line":446},"51":{"loc":{"start":{"line":451,"column":8},"end":{"line":453,"column":9}},"type":"if","locations":[{"start":{"line":451,"column":8},"end":{"line":453,"column":9}},{"start":{},"end":{}}],"line":451},"52":{"loc":{"start":{"line":455,"column":8},"end":{"line":457,"column":9}},"type":"if","locations":[{"start":{"line":455,"column":8},"end":{"line":457,"column":9}},{"start":{},"end":{}}],"line":455},"53":{"loc":{"start":{"line":477,"column":23},"end":{"line":477,"column":115}},"type":"binary-expr","locations":[{"start":{"line":477,"column":23},"end":{"line":477,"column":46}},{"start":{"line":477,"column":50},"end":{"line":477,"column":115}}],"line":477},"54":{"loc":{"start":{"line":493,"column":4},"end":{"line":508,"column":5}},"type":"if","locations":[{"start":{"line":493,"column":4},"end":{"line":508,"column":5}},{"start":{},"end":{}}],"line":493},"55":{"loc":{"start":{"line":496,"column":21},"end":{"line":496,"column":38}},"type":"binary-expr","locations":[{"start":{"line":496,"column":21},"end":{"line":496,"column":30}},{"start":{"line":496,"column":34},"end":{"line":496,"column":38}}],"line":496},"56":{"loc":{"start":{"line":497,"column":18},"end":{"line":497,"column":32}},"type":"binary-expr","locations":[{"start":{"line":497,"column":18},"end":{"line":497,"column":24}},{"start":{"line":497,"column":28},"end":{"line":497,"column":32}}],"line":497},"57":{"loc":{"start":{"line":500,"column":21},"end":{"line":500,"column":70}},"type":"cond-expr","locations":[{"start":{"line":500,"column":26},"end":{"line":500,"column":57}},{"start":{"line":500,"column":60},"end":{"line":500,"column":70}}],"line":500},"58":{"loc":{"start":{"line":520,"column":2},"end":{"line":522,"column":3}},"type":"if","locations":[{"start":{"line":520,"column":2},"end":{"line":522,"column":3}},{"start":{},"end":{}}],"line":520},"59":{"loc":{"start":{"line":525,"column":2},"end":{"line":536,"column":3}},"type":"if","locations":[{"start":{"line":525,"column":2},"end":{"line":536,"column":3}},{"start":{},"end":{}}],"line":525},"60":{"loc":{"start":{"line":525,"column":6},"end":{"line":525,"column":87}},"type":"binary-expr","locations":[{"start":{"line":525,"column":6},"end":{"line":525,"column":42}},{"start":{"line":525,"column":46},"end":{"line":525,"column":87}}],"line":525},"61":{"loc":{"start":{"line":526,"column":4},"end":{"line":535,"column":5}},"type":"if","locations":[{"start":{"line":526,"column":4},"end":{"line":535,"column":5}},{"start":{"line":528,"column":11},"end":{"line":535,"column":5}}],"line":526},"62":{"loc":{"start":{"line":526,"column":8},"end":{"line":526,"column":76}},"type":"binary-expr","locations":[{"start":{"line":526,"column":8},"end":{"line":526,"column":27}},{"start":{"line":526,"column":31},"end":{"line":526,"column":76}}],"line":526},"63":{"loc":{"start":{"line":528,"column":11},"end":{"line":535,"column":5}},"type":"if","locations":[{"start":{"line":528,"column":11},"end":{"line":535,"column":5}},{"start":{},"end":{}}],"line":528},"64":{"loc":{"start":{"line":528,"column":15},"end":{"line":528,"column":67}},"type":"binary-expr","locations":[{"start":{"line":528,"column":15},"end":{"line":528,"column":36}},{"start":{"line":528,"column":40},"end":{"line":528,"column":67}}],"line":528},"65":{"loc":{"start":{"line":530,"column":6},"end":{"line":534,"column":7}},"type":"if","locations":[{"start":{"line":530,"column":6},"end":{"line":534,"column":7}},{"start":{"line":532,"column":13},"end":{"line":534,"column":7}}],"line":530},"66":{"loc":{"start":{"line":538,"column":2},"end":{"line":555,"column":3}},"type":"if","locations":[{"start":{"line":538,"column":2},"end":{"line":555,"column":3}},{"start":{},"end":{}}],"line":538},"67":{"loc":{"start":{"line":539,"column":4},"end":{"line":554,"column":5}},"type":"if","locations":[{"start":{"line":539,"column":4},"end":{"line":554,"column":5}},{"start":{"line":541,"column":11},"end":{"line":554,"column":5}}],"line":539},"68":{"loc":{"start":{"line":539,"column":8},"end":{"line":539,"column":68}},"type":"binary-expr","locations":[{"start":{"line":539,"column":8},"end":{"line":539,"column":27}},{"start":{"line":539,"column":31},"end":{"line":539,"column":68}}],"line":539},"69":{"loc":{"start":{"line":541,"column":11},"end":{"line":554,"column":5}},"type":"if","locations":[{"start":{"line":541,"column":11},"end":{"line":554,"column":5}},{"start":{},"end":{}}],"line":541},"70":{"loc":{"start":{"line":549,"column":6},"end":{"line":553,"column":7}},"type":"if","locations":[{"start":{"line":549,"column":6},"end":{"line":553,"column":7}},{"start":{"line":551,"column":13},"end":{"line":553,"column":7}}],"line":549},"71":{"loc":{"start":{"line":557,"column":2},"end":{"line":571,"column":3}},"type":"if","locations":[{"start":{"line":557,"column":2},"end":{"line":571,"column":3}},{"start":{},"end":{}}],"line":557},"72":{"loc":{"start":{"line":557,"column":6},"end":{"line":557,"column":84}},"type":"binary-expr","locations":[{"start":{"line":557,"column":6},"end":{"line":557,"column":44}},{"start":{"line":557,"column":48},"end":{"line":557,"column":84}}],"line":557},"73":{"loc":{"start":{"line":558,"column":4},"end":{"line":570,"column":5}},"type":"if","locations":[{"start":{"line":558,"column":4},"end":{"line":570,"column":5}},{"start":{},"end":{}}],"line":558},"74":{"loc":{"start":{"line":558,"column":8},"end":{"line":558,"column":77}},"type":"binary-expr","locations":[{"start":{"line":558,"column":8},"end":{"line":558,"column":23}},{"start":{"line":558,"column":27},"end":{"line":558,"column":52}},{"start":{"line":558,"column":56},"end":{"line":558,"column":77}}],"line":558},"75":{"loc":{"start":{"line":565,"column":6},"end":{"line":569,"column":7}},"type":"if","locations":[{"start":{"line":565,"column":6},"end":{"line":569,"column":7}},{"start":{"line":567,"column":13},"end":{"line":569,"column":7}}],"line":565},"76":{"loc":{"start":{"line":573,"column":2},"end":{"line":581,"column":3}},"type":"if","locations":[{"start":{"line":573,"column":2},"end":{"line":581,"column":3}},{"start":{},"end":{}}],"line":573},"77":{"loc":{"start":{"line":573,"column":6},"end":{"line":573,"column":87}},"type":"binary-expr","locations":[{"start":{"line":573,"column":6},"end":{"line":573,"column":44}},{"start":{"line":573,"column":48},"end":{"line":573,"column":87}}],"line":573},"78":{"loc":{"start":{"line":574,"column":4},"end":{"line":580,"column":5}},"type":"if","locations":[{"start":{"line":574,"column":4},"end":{"line":580,"column":5}},{"start":{"line":576,"column":11},"end":{"line":580,"column":5}}],"line":574},"79":{"loc":{"start":{"line":576,"column":11},"end":{"line":580,"column":5}},"type":"if","locations":[{"start":{"line":576,"column":11},"end":{"line":580,"column":5}},{"start":{"line":578,"column":11},"end":{"line":580,"column":5}}],"line":576},"80":{"loc":{"start":{"line":585,"column":86},"end":{"line":585,"column":119}},"type":"binary-expr","locations":[{"start":{"line":585,"column":86},"end":{"line":585,"column":106}},{"start":{"line":585,"column":110},"end":{"line":585,"column":119}}],"line":585},"81":{"loc":{"start":{"line":585,"column":129},"end":{"line":585,"column":319}},"type":"cond-expr","locations":[{"start":{"line":585,"column":157},"end":{"line":585,"column":248}},{"start":{"line":585,"column":251},"end":{"line":585,"column":319}}],"line":585},"82":{"loc":{"start":{"line":586,"column":32},"end":{"line":586,"column":76}},"type":"cond-expr","locations":[{"start":{"line":586,"column":56},"end":{"line":586,"column":61}},{"start":{"line":586,"column":64},"end":{"line":586,"column":76}}],"line":586},"83":{"loc":{"start":{"line":586,"column":146},"end":{"line":586,"column":259}},"type":"cond-expr","locations":[{"start":{"line":586,"column":168},"end":{"line":586,"column":213}},{"start":{"line":586,"column":216},"end":{"line":586,"column":259}}],"line":586},"84":{"loc":{"start":{"line":587,"column":111},"end":{"line":587,"column":248}},"type":"cond-expr","locations":[{"start":{"line":587,"column":142},"end":{"line":587,"column":193}},{"start":{"line":587,"column":196},"end":{"line":587,"column":248}}],"line":587},"85":{"loc":{"start":{"line":597,"column":4},"end":{"line":599,"column":5}},"type":"if","locations":[{"start":{"line":597,"column":4},"end":{"line":599,"column":5}},{"start":{},"end":{}}],"line":597},"86":{"loc":{"start":{"line":597,"column":8},"end":{"line":597,"column":31}},"type":"binary-expr","locations":[{"start":{"line":597,"column":8},"end":{"line":597,"column":15}},{"start":{"line":597,"column":19},"end":{"line":597,"column":31}}],"line":597},"87":{"loc":{"start":{"line":602,"column":4},"end":{"line":613,"column":5}},"type":"if","locations":[{"start":{"line":602,"column":4},"end":{"line":613,"column":5}},{"start":{},"end":{}}],"line":602},"88":{"loc":{"start":{"line":606,"column":21},"end":{"line":606,"column":70}},"type":"cond-expr","locations":[{"start":{"line":606,"column":26},"end":{"line":606,"column":57}},{"start":{"line":606,"column":60},"end":{"line":606,"column":70}}],"line":606},"89":{"loc":{"start":{"line":627,"column":4},"end":{"line":629,"column":5}},"type":"if","locations":[{"start":{"line":627,"column":4},"end":{"line":629,"column":5}},{"start":{},"end":{}}],"line":627},"90":{"loc":{"start":{"line":633,"column":4},"end":{"line":643,"column":5}},"type":"if","locations":[{"start":{"line":633,"column":4},"end":{"line":643,"column":5}},{"start":{},"end":{}}],"line":633},"91":{"loc":{"start":{"line":636,"column":8},"end":{"line":638,"column":9}},"type":"if","locations":[{"start":{"line":636,"column":8},"end":{"line":638,"column":9}},{"start":{},"end":{}}],"line":636},"92":{"loc":{"start":{"line":659,"column":4},"end":{"line":673,"column":5}},"type":"if","locations":[{"start":{"line":659,"column":4},"end":{"line":673,"column":5}},{"start":{},"end":{}}],"line":659},"93":{"loc":{"start":{"line":676,"column":4},"end":{"line":691,"column":5}},"type":"if","locations":[{"start":{"line":676,"column":4},"end":{"line":691,"column":5}},{"start":{},"end":{}}],"line":676},"94":{"loc":{"start":{"line":707,"column":4},"end":{"line":721,"column":5}},"type":"if","locations":[{"start":{"line":707,"column":4},"end":{"line":721,"column":5}},{"start":{},"end":{}}],"line":707},"95":{"loc":{"start":{"line":710,"column":23},"end":{"line":710,"column":47}},"type":"binary-expr","locations":[{"start":{"line":710,"column":23},"end":{"line":710,"column":34}},{"start":{"line":710,"column":38},"end":{"line":710,"column":47}}],"line":710},"96":{"loc":{"start":{"line":711,"column":20},"end":{"line":711,"column":36}},"type":"binary-expr","locations":[{"start":{"line":711,"column":20},"end":{"line":711,"column":28}},{"start":{"line":711,"column":32},"end":{"line":711,"column":36}}],"line":711},"97":{"loc":{"start":{"line":712,"column":22},"end":{"line":712,"column":71}},"type":"cond-expr","locations":[{"start":{"line":712,"column":27},"end":{"line":712,"column":58}},{"start":{"line":712,"column":61},"end":{"line":712,"column":71}}],"line":712},"98":{"loc":{"start":{"line":739,"column":0},"end":{"line":743,"column":1}},"type":"if","locations":[{"start":{"line":739,"column":0},"end":{"line":743,"column":1}},{"start":{},"end":{}}],"line":739}},"s":{"0":1,"1":1,"2":1,"3":1,"4":1,"5":1,"6":1,"7":1,"8":1,"9":1,"10":1,"11":1,"12":0,"13":0,"14":1,"15":1,"16":1,"17":1,"18":1,"19":0,"20":0,"21":1,"22":1,"23":1,"24":1,"25":1,"26":1,"27":1,"28":1,"29":0,"30":0,"31":1,"32":1,"33":0,"34":1,"35":1,"36":1,"37":1,"38":0,"39":0,"40":0,"41":0,"42":1,"43":1,"44":1,"45":1,"46":1,"47":1,"48":0,"49":1,"50":0,"51":0,"52":0,"53":0,"54":0,"55":0,"56":0,"57":1,"58":1,"59":1,"60":1,"61":1,"62":1,"63":0,"64":1,"65":0,"66":0,"67":0,"68":0,"69":0,"70":0,"71":0,"72":1,"73":1,"74":1,"75":0,"76":0,"77":0,"78":0,"79":0,"80":0,"81":0,"82":0,"83":0,"84":0,"85":0,"86":0,"87":0,"88":0,"89":0,"90":0,"91":0,"92":0,"93":0,"94":0,"95":0,"96":0,"97":0,"98":0,"99":0,"100":0,"101":0,"102":0,"103":0,"104":0,"105":0,"106":0,"107":0,"108":0,"109":0,"110":0,"111":0,"112":0,"113":0,"114":0,"115":0,"116":0,"117":0,"118":0,"119":0,"120":0,"121":0,"122":0,"123":0,"124":0,"125":0,"126":0,"127":0,"128":0,"129":0,"130":0,"131":0,"132":0,"133":0,"134":0,"135":0,"136":0,"137":0,"138":0,"139":0,"140":0,"141":0,"142":0,"143":0,"144":0,"145":0,"146":0,"147":0,"148":0,"149":0,"150":0,"151":0,"152":0,"153":0,"154":0,"155":0,"156":0,"157":0,"158":0,"159":0,"160":0,"161":0,"162":0,"163":0,"164":0,"165":0,"166":0,"167":0,"168":0,"169":0,"170":0,"171":0,"172":0,"173":1,"174":1,"175":1,"176":1,"177":0,"178":1,"179":1,"180":1,"181":1,"182":1,"183":0,"184":0,"185":1,"186":1,"187":0,"188":0,"189":0,"190":0,"191":0,"192":1,"193":1,"194":1,"195":1,"196":1,"197":0,"198":1,"199":0,"200":1,"201":1,"202":1,"203":1,"204":0,"205":1,"206":1,"207":0,"208":0,"209":0,"210":1,"211":1,"212":1,"213":0,"214":0,"215":1,"216":1,"217":0,"218":0,"219":1,"220":1,"221":0,"222":0,"223":0,"224":0,"225":0,"226":0,"227":0,"228":0,"229":0,"230":0,"231":0,"232":0,"233":0,"234":0,"235":0,"236":0,"237":0,"238":0,"239":0,"240":0,"241":0,"242":0,"243":0,"244":0,"245":0,"246":0,"247":0,"248":0,"249":0,"250":0,"251":0,"252":0,"253":0,"254":0,"255":0,"256":0,"257":1,"258":0,"259":0,"260":0,"261":0,"262":0,"263":0,"264":0,"265":0,"266":0,"267":0,"268":0,"269":0,"270":0,"271":1,"272":0,"273":0,"274":0,"275":0,"276":0,"277":0,"278":0,"279":0,"280":0,"281":0,"282":0,"283":0,"284":0,"285":0,"286":0,"287":1,"288":1,"289":1,"290":1,"291":1,"292":1,"293":1,"294":0,"295":0,"296":1,"297":1,"298":1,"299":0,"300":0,"301":1,"302":1,"303":1,"304":1,"305":1,"306":1,"307":0,"308":0,"309":1,"310":1,"311":0,"312":0,"313":1,"314":0,"315":1,"316":1,"317":0,"318":0},"f":{"0":0,"1":0,"2":1,"3":1,"4":1,"5":0,"6":0,"7":0,"8":0,"9":0,"10":0,"11":0,"12":0,"13":0,"14":0,"15":0,"16":0,"17":1,"18":1,"19":0,"20":0,"21":0,"22":0,"23":0,"24":1,"25":0,"26":1,"27":0,"28":0},"b":{"0":[1,0],"1":[0,1],"2":[1,0],"3":[0,1],"4":[0,1],"5":[1,0],"6":[1,0],"7":[0,0],"8":[0,1],"9":[1,1],"10":[1,0],"11":[1,0],"12":[1,0],"13":[0,0],"14":[0,0],"15":[0,0],"16":[0,0],"17":[0,0],"18":[0,0],"19":[0,0],"20":[0,0],"21":[0,0],"22":[0,0],"23":[0,0],"24":[0,0],"25":[0,0],"26":[0,0],"27":[0,0],"28":[0,0],"29":[0,0],"30":[0,0],"31":[0,0],"32":[0,0],"33":[0,0],"34":[0,0],"35":[0,0],"36":[0,0,0,0],"37":[0,0],"38":[0,0],"39":[0,0],"40":[0,0],"41":[0,0],"42":[0,1],"43":[1,0],"44":[1,1],"45":[0,1],"46":[0,1],"47":[1,1],"48":[0,0],"49":[1,0],"50":[1,1],"51":[0,1],"52":[0,1],"53":[0,0],"54":[1,0],"55":[1,0],"56":[1,1],"57":[1,0],"58":[1,0],"59":[0,0],"60":[0,0],"61":[0,0],"62":[0,0],"63":[0,0],"64":[0,0],"65":[0,0],"66":[0,0],"67":[0,0],"68":[0,0],"69":[0,0],"70":[0,0],"71":[0,0],"72":[0,0],"73":[0,0],"74":[0,0,0],"75":[0,0],"76":[0,0],"77":[0,0],"78":[0,0],"79":[0,0],"80":[0,0],"81":[0,0],"82":[0,0],"83":[0,0],"84":[0,0],"85":[0,0],"86":[0,0],"87":[0,0],"88":[0,0],"89":[0,0],"90":[0,0],"91":[0,0],"92":[1,0],"93":[1,0],"94":[1,0],"95":[1,0],"96":[1,0],"97":[1,0],"98":[0,1]},"_coverageSchema":"1a1c01bbd47fc00a2c39e90264f33305004495a9","hash":"ee518e697577231ffaab3916d74a0efd12c0e4dd"}
,"C:\\Users\\deepa\\Downloads\\SIKI\\scripts\\fallback-db.js": {"path":"C:\\Users\\deepa\\Downloads\\SIKI\\scripts\\fallback-db.js","statementMap":{"0":{"start":{"line":4,"column":26},"end":{"line":167,"column":1}},"1":{"start":{"line":172,"column":25},"end":{"line":172,"column":56}},"2":{"start":{"line":175,"column":2},"end":{"line":177,"column":3}},"3":{"start":{"line":176,"column":4},"end":{"line":176,"column":38}},"4":{"start":{"line":180,"column":2},"end":{"line":184,"column":3}},"5":{"start":{"line":181,"column":4},"end":{"line":183,"column":5}},"6":{"start":{"line":182,"column":6},"end":{"line":182,"column":29}},"7":{"start":{"line":187,"column":2},"end":{"line":187,"column":31}}},"fnMap":{"0":{"name":"getFallbackData","decl":{"start":{"line":170,"column":16},"end":{"line":170,"column":31}},"loc":{"start":{"line":170,"column":44},"end":{"line":188,"column":1}},"line":170}},"branchMap":{"0":{"loc":{"start":{"line":175,"column":2},"end":{"line":177,"column":3}},"type":"if","locations":[{"start":{"line":175,"column":2},"end":{"line":177,"column":3}},{"start":{},"end":{}}],"line":175},"1":{"loc":{"start":{"line":181,"column":4},"end":{"line":183,"column":5}},"type":"if","locations":[{"start":{"line":181,"column":4},"end":{"line":183,"column":5}},{"start":{},"end":{}}],"line":181},"2":{"loc":{"start":{"line":181,"column":8},"end":{"line":181,"column":68}},"type":"binary-expr","locations":[{"start":{"line":181,"column":8},"end":{"line":181,"column":36}},{"start":{"line":181,"column":40},"end":{"line":181,"column":68}}],"line":181}},"s":{"0":1,"1":0,"2":0,"3":0,"4":0,"5":0,"6":0,"7":0},"f":{"0":0},"b":{"0":[0,0],"1":[0,0],"2":[0,0]},"_coverageSchema":"1a1c01bbd47fc00a2c39e90264f33305004495a9","hash":"eab0aa24828a32cf1bcf1b11853d42398964518a"}
,"C:\\Users\\deepa\\Downloads\\SIKI\\scripts\\main.js": {"path":"C:\\Users\\deepa\\Downloads\\SIKI\\scripts\\main.js","statementMap":{"0":{"start":{"line":4,"column":0},"end":{"line":14,"column":1}},"1":{"start":{"line":5,"column":2},"end":{"line":13,"column":5}},"2":{"start":{"line":6,"column":4},"end":{"line":12,"column":9}},"3":{"start":{"line":8,"column":8},"end":{"line":8,"column":53}},"4":{"start":{"line":11,"column":8},"end":{"line":11,"column":67}},"5":{"start":{"line":17,"column":17},"end":{"line":17,"column":53}},"6":{"start":{"line":18,"column":19},"end":{"line":18,"column":57}},"7":{"start":{"line":19,"column":20},"end":{"line":19,"column":59}},"8":{"start":{"line":20,"column":26},"end":{"line":20,"column":71}},"9":{"start":{"line":21,"column":21},"end":{"line":21,"column":61}},"10":{"start":{"line":22,"column":22},"end":{"line":22,"column":63}},"11":{"start":{"line":23,"column":21},"end":{"line":23,"column":61}},"12":{"start":{"line":24,"column":22},"end":{"line":24,"column":63}},"13":{"start":{"line":25,"column":18},"end":{"line":25,"column":55}},"14":{"start":{"line":26,"column":24},"end":{"line":26,"column":68}},"15":{"start":{"line":27,"column":25},"end":{"line":27,"column":69}},"16":{"start":{"line":28,"column":19},"end":{"line":28,"column":57}},"17":{"start":{"line":29,"column":24},"end":{"line":29,"column":69}},"18":{"start":{"line":32,"column":25},"end":{"line":32,"column":69}},"19":{"start":{"line":33,"column":25},"end":{"line":33,"column":69}},"20":{"start":{"line":34,"column":26},"end":{"line":34,"column":66}},"21":{"start":{"line":35,"column":24},"end":{"line":35,"column":62}},"22":{"start":{"line":36,"column":24},"end":{"line":36,"column":69}},"23":{"start":{"line":39,"column":21},"end":{"line":39,"column":23}},"24":{"start":{"line":40,"column":19},"end":{"line":40,"column":26}},"25":{"start":{"line":41,"column":20},"end":{"line":41,"column":24}},"26":{"start":{"line":42,"column":21},"end":{"line":42,"column":25}},"27":{"start":{"line":43,"column":29},"end":{"line":43,"column":31}},"28":{"start":{"line":44,"column":20},"end":{"line":44,"column":40}},"29":{"start":{"line":45,"column":25},"end":{"line":45,"column":29}},"30":{"start":{"line":46,"column":22},"end":{"line":46,"column":26}},"31":{"start":{"line":49,"column":0},"end":{"line":54,"column":3}},"32":{"start":{"line":50,"column":4},"end":{"line":50,"column":22}},"33":{"start":{"line":51,"column":4},"end":{"line":51,"column":26}},"34":{"start":{"line":52,"column":4},"end":{"line":52,"column":26}},"35":{"start":{"line":53,"column":4},"end":{"line":53,"column":22}},"36":{"start":{"line":58,"column":24},"end":{"line":58,"column":81}},"37":{"start":{"line":59,"column":4},"end":{"line":59,"column":50}},"38":{"start":{"line":60,"column":4},"end":{"line":60,"column":18}},"39":{"start":{"line":65,"column":4},"end":{"line":65,"column":54}},"40":{"start":{"line":66,"column":22},"end":{"line":66,"column":66}},"41":{"start":{"line":67,"column":4},"end":{"line":67,"column":82}},"42":{"start":{"line":73,"column":4},"end":{"line":73,"column":55}},"43":{"start":{"line":76,"column":4},"end":{"line":76,"column":65}},"44":{"start":{"line":79,"column":4},"end":{"line":79,"column":57}},"45":{"start":{"line":82,"column":4},"end":{"line":82,"column":69}},"46":{"start":{"line":82,"column":50},"end":{"line":82,"column":67}},"47":{"start":{"line":83,"column":4},"end":{"line":83,"column":59}},"48":{"start":{"line":86,"column":4},"end":{"line":86,"column":66}},"49":{"start":{"line":89,"column":4},"end":{"line":89,"column":59}},"50":{"start":{"line":92,"column":4},"end":{"line":92,"column":61}},"51":{"start":{"line":95,"column":4},"end":{"line":98,"column":7}},"52":{"start":{"line":96,"column":23},"end":{"line":96,"column":59}},"53":{"start":{"line":97,"column":8},"end":{"line":97,"column":76}},"54":{"start":{"line":97,"column":47},"end":{"line":97,"column":74}},"55":{"start":{"line":101,"column":22},"end":{"line":101,"column":68}},"56":{"start":{"line":102,"column":23},"end":{"line":102,"column":61}},"57":{"start":{"line":103,"column":4},"end":{"line":110,"column":5}},"58":{"start":{"line":104,"column":8},"end":{"line":104,"column":85}},"59":{"start":{"line":104,"column":51},"end":{"line":104,"column":83}},"60":{"start":{"line":105,"column":8},"end":{"line":109,"column":11}},"61":{"start":{"line":106,"column":12},"end":{"line":108,"column":13}},"62":{"start":{"line":107,"column":16},"end":{"line":107,"column":49}},"63":{"start":{"line":113,"column":4},"end":{"line":113,"column":70}},"64":{"start":{"line":114,"column":4},"end":{"line":114,"column":71}},"65":{"start":{"line":115,"column":4},"end":{"line":115,"column":67}},"66":{"start":{"line":118,"column":4},"end":{"line":120,"column":7}},"67":{"start":{"line":119,"column":8},"end":{"line":119,"column":57}},"68":{"start":{"line":123,"column":4},"end":{"line":123,"column":78}},"69":{"start":{"line":128,"column":4},"end":{"line":128,"column":63}},"70":{"start":{"line":129,"column":4},"end":{"line":129,"column":18}},"71":{"start":{"line":134,"column":4},"end":{"line":134,"column":45}},"72":{"start":{"line":139,"column":4},"end":{"line":139,"column":48}},"73":{"start":{"line":144,"column":17},"end":{"line":144,"column":25}},"74":{"start":{"line":145,"column":4},"end":{"line":145,"column":38}},"75":{"start":{"line":151,"column":26},"end":{"line":151,"column":80}},"76":{"start":{"line":152,"column":4},"end":{"line":152,"column":92}},"77":{"start":{"line":152,"column":67},"end":{"line":152,"column":90}},"78":{"start":{"line":155,"column":24},"end":{"line":162,"column":5}},"79":{"start":{"line":157,"column":12},"end":{"line":157,"column":96}},"80":{"start":{"line":159,"column":12},"end":{"line":159,"column":82}},"81":{"start":{"line":161,"column":12},"end":{"line":161,"column":88}},"82":{"start":{"line":165,"column":4},"end":{"line":185,"column":5}},"83":{"start":{"line":166,"column":25},"end":{"line":175,"column":10}},"84":{"start":{"line":177,"column":8},"end":{"line":182,"column":9}},"85":{"start":{"line":178,"column":12},"end":{"line":178,"column":58}},"86":{"start":{"line":179,"column":12},"end":{"line":179,"column":36}},"87":{"start":{"line":181,"column":12},"end":{"line":181,"column":56}},"88":{"start":{"line":184,"column":8},"end":{"line":184,"column":58}},"89":{"start":{"line":190,"column":4},"end":{"line":215,"column":5}},"90":{"start":{"line":191,"column":25},"end":{"line":191,"column":78}},"91":{"start":{"line":192,"column":8},"end":{"line":212,"column":9}},"92":{"start":{"line":193,"column":25},"end":{"line":193,"column":46}},"93":{"start":{"line":194,"column":12},"end":{"line":211,"column":13}},"94":{"start":{"line":196,"column":39},"end":{"line":200,"column":17}},"95":{"start":{"line":203,"column":16},"end":{"line":208,"column":19}},"96":{"start":{"line":204,"column":33},"end":{"line":204,"column":102}},"97":{"start":{"line":205,"column":20},"end":{"line":207,"column":21}},"98":{"start":{"line":206,"column":24},"end":{"line":206,"column":55}},"99":{"start":{"line":210,"column":16},"end":{"line":210,"column":56}},"100":{"start":{"line":214,"column":8},"end":{"line":214,"column":59}},"101":{"start":{"line":220,"column":4},"end":{"line":232,"column":5}},"102":{"start":{"line":221,"column":25},"end":{"line":221,"column":52}},"103":{"start":{"line":222,"column":8},"end":{"line":229,"column":9}},"104":{"start":{"line":223,"column":25},"end":{"line":223,"column":46}},"105":{"start":{"line":224,"column":12},"end":{"line":228,"column":13}},"106":{"start":{"line":225,"column":16},"end":{"line":225,"column":66}},"107":{"start":{"line":231,"column":8},"end":{"line":231,"column":60}},"108":{"start":{"line":239,"column":4},"end":{"line":239,"column":53}},"109":{"start":{"line":244,"column":4},"end":{"line":244,"column":35}},"110":{"start":{"line":245,"column":23},"end":{"line":245,"column":68}},"111":{"start":{"line":246,"column":4},"end":{"line":246,"column":87}},"112":{"start":{"line":249,"column":4},"end":{"line":249,"column":74}},"113":{"start":{"line":254,"column":18},"end":{"line":254,"column":36}},"114":{"start":{"line":255,"column":4},"end":{"line":261,"column":5}},"115":{"start":{"line":257,"column":8},"end":{"line":259,"column":9}},"116":{"start":{"line":257,"column":21},"end":{"line":257,"column":22}},"117":{"start":{"line":258,"column":12},"end":{"line":258,"column":40}},"118":{"start":{"line":260,"column":8},"end":{"line":260,"column":35}},"119":{"start":{"line":268,"column":29},"end":{"line":268,"column":87}},"120":{"start":{"line":269,"column":4},"end":{"line":269,"column":40}},"121":{"start":{"line":270,"column":4},"end":{"line":270,"column":31}},"122":{"start":{"line":275,"column":4},"end":{"line":275,"column":30}},"123":{"start":{"line":278,"column":4},"end":{"line":278,"column":44}},"124":{"start":{"line":281,"column":22},"end":{"line":281,"column":51}},"125":{"start":{"line":282,"column":4},"end":{"line":282,"column":46}},"126":{"start":{"line":285,"column":22},"end":{"line":285,"column":51}},"127":{"start":{"line":286,"column":4},"end":{"line":286,"column":54}},"128":{"start":{"line":287,"column":4},"end":{"line":287,"column":36}},"129":{"start":{"line":290,"column":4},"end":{"line":293,"column":7}},"130":{"start":{"line":291,"column":8},"end":{"line":291,"column":28}},"131":{"start":{"line":292,"column":8},"end":{"line":292,"column":58}},"132":{"start":{"line":296,"column":4},"end":{"line":296,"column":37}},"133":{"start":{"line":299,"column":4},"end":{"line":299,"column":44}},"134":{"start":{"line":305,"column":4},"end":{"line":305,"column":36}},"135":{"start":{"line":308,"column":4},"end":{"line":308,"column":30}},"136":{"start":{"line":311,"column":4},"end":{"line":313,"column":5}},"137":{"start":{"line":312,"column":8},"end":{"line":312,"column":51}},"138":{"start":{"line":315,"column":4},"end":{"line":315,"column":31}},"139":{"start":{"line":320,"column":4},"end":{"line":326,"column":5}},"140":{"start":{"line":321,"column":8},"end":{"line":321,"column":51}},"141":{"start":{"line":322,"column":8},"end":{"line":322,"column":39}},"142":{"start":{"line":324,"column":8},"end":{"line":324,"column":48}},"143":{"start":{"line":325,"column":8},"end":{"line":325,"column":38}},"144":{"start":{"line":331,"column":4},"end":{"line":331,"column":44}},"145":{"start":{"line":331,"column":37},"end":{"line":331,"column":44}},"146":{"start":{"line":334,"column":4},"end":{"line":334,"column":84}},"147":{"start":{"line":335,"column":4},"end":{"line":335,"column":44}},"148":{"start":{"line":337,"column":4},"end":{"line":369,"column":5}},"149":{"start":{"line":339,"column":25},"end":{"line":339,"column":39}},"150":{"start":{"line":340,"column":8},"end":{"line":340,"column":52}},"151":{"start":{"line":342,"column":25},"end":{"line":345,"column":10}},"152":{"start":{"line":347,"column":8},"end":{"line":361,"column":9}},"153":{"start":{"line":348,"column":25},"end":{"line":348,"column":46}},"154":{"start":{"line":349,"column":12},"end":{"line":358,"column":13}},"155":{"start":{"line":351,"column":16},"end":{"line":351,"column":49}},"156":{"start":{"line":352,"column":16},"end":{"line":352,"column":39}},"157":{"start":{"line":355,"column":16},"end":{"line":355,"column":55}},"158":{"start":{"line":357,"column":16},"end":{"line":357,"column":60}},"159":{"start":{"line":360,"column":12},"end":{"line":360,"column":56}},"160":{"start":{"line":363,"column":8},"end":{"line":363,"column":49}},"161":{"start":{"line":364,"column":8},"end":{"line":364,"column":52}},"162":{"start":{"line":367,"column":8},"end":{"line":367,"column":97}},"163":{"start":{"line":368,"column":8},"end":{"line":368,"column":51}},"164":{"start":{"line":374,"column":4},"end":{"line":394,"column":5}},"165":{"start":{"line":376,"column":25},"end":{"line":385,"column":10}},"166":{"start":{"line":387,"column":8},"end":{"line":391,"column":9}},"167":{"start":{"line":388,"column":12},"end":{"line":388,"column":64}},"168":{"start":{"line":390,"column":12},"end":{"line":390,"column":60}},"169":{"start":{"line":393,"column":8},"end":{"line":393,"column":64}},"170":{"start":{"line":399,"column":4},"end":{"line":399,"column":29}},"171":{"start":{"line":402,"column":31},"end":{"line":402,"column":70}},"172":{"start":{"line":403,"column":4},"end":{"line":405,"column":5}},"173":{"start":{"line":404,"column":8},"end":{"line":404,"column":54}},"174":{"start":{"line":408,"column":34},"end":{"line":408,"column":76}},"175":{"start":{"line":409,"column":4},"end":{"line":431,"column":5}},"176":{"start":{"line":411,"column":8},"end":{"line":423,"column":9}},"177":{"start":{"line":412,"column":12},"end":{"line":412,"column":68}},"178":{"start":{"line":413,"column":12},"end":{"line":413,"column":45}},"179":{"start":{"line":414,"column":12},"end":{"line":414,"column":44}},"180":{"start":{"line":415,"column":15},"end":{"line":423,"column":9}},"181":{"start":{"line":416,"column":12},"end":{"line":416,"column":63}},"182":{"start":{"line":417,"column":12},"end":{"line":417,"column":45}},"183":{"start":{"line":418,"column":12},"end":{"line":418,"column":44}},"184":{"start":{"line":420,"column":12},"end":{"line":420,"column":63}},"185":{"start":{"line":421,"column":12},"end":{"line":421,"column":45}},"186":{"start":{"line":422,"column":12},"end":{"line":422,"column":44}},"187":{"start":{"line":425,"column":8},"end":{"line":425,"column":59}},"188":{"start":{"line":426,"column":35},"end":{"line":426,"column":81}},"189":{"start":{"line":427,"column":8},"end":{"line":430,"column":9}},"190":{"start":{"line":428,"column":12},"end":{"line":428,"column":63}},"191":{"start":{"line":429,"column":12},"end":{"line":429,"column":55}},"192":{"start":{"line":434,"column":28},"end":{"line":434,"column":71}},"193":{"start":{"line":435,"column":4},"end":{"line":452,"column":5}},"194":{"start":{"line":436,"column":8},"end":{"line":436,"column":39}},"195":{"start":{"line":437,"column":8},"end":{"line":451,"column":11}},"196":{"start":{"line":438,"column":23},"end":{"line":438,"column":51}},"197":{"start":{"line":439,"column":12},"end":{"line":439,"column":59}},"198":{"start":{"line":442,"column":25},"end":{"line":442,"column":55}},"199":{"start":{"line":444,"column":25},"end":{"line":444,"column":99}},"200":{"start":{"line":445,"column":12},"end":{"line":445,"column":34}},"201":{"start":{"line":446,"column":12},"end":{"line":447,"column":79}},"202":{"start":{"line":448,"column":12},"end":{"line":448,"column":33}},"203":{"start":{"line":450,"column":12},"end":{"line":450,"column":44}},"204":{"start":{"line":455,"column":27},"end":{"line":455,"column":75}},"205":{"start":{"line":456,"column":4},"end":{"line":503,"column":5}},"206":{"start":{"line":457,"column":29},"end":{"line":457,"column":75}},"207":{"start":{"line":458,"column":8},"end":{"line":502,"column":9}},"208":{"start":{"line":460,"column":12},"end":{"line":460,"column":40}},"209":{"start":{"line":463,"column":12},"end":{"line":501,"column":15}},"210":{"start":{"line":464,"column":32},"end":{"line":464,"column":61}},"211":{"start":{"line":465,"column":16},"end":{"line":465,"column":53}},"212":{"start":{"line":467,"column":34},"end":{"line":467,"column":64}},"213":{"start":{"line":468,"column":16},"end":{"line":468,"column":56}},"214":{"start":{"line":469,"column":16},"end":{"line":469,"column":83}},"215":{"start":{"line":471,"column":34},"end":{"line":471,"column":64}},"216":{"start":{"line":472,"column":16},"end":{"line":472,"column":56}},"217":{"start":{"line":473,"column":16},"end":{"line":473,"column":63}},"218":{"start":{"line":475,"column":36},"end":{"line":475,"column":65}},"219":{"start":{"line":476,"column":16},"end":{"line":476,"column":55}},"220":{"start":{"line":478,"column":37},"end":{"line":478,"column":66}},"221":{"start":{"line":479,"column":16},"end":{"line":479,"column":57}},"222":{"start":{"line":481,"column":16},"end":{"line":492,"column":17}},"223":{"start":{"line":482,"column":39},"end":{"line":482,"column":76}},"224":{"start":{"line":483,"column":20},"end":{"line":483,"column":88}},"225":{"start":{"line":484,"column":20},"end":{"line":484,"column":83}},"226":{"start":{"line":485,"column":23},"end":{"line":492,"column":17}},"227":{"start":{"line":486,"column":37},"end":{"line":486,"column":74}},"228":{"start":{"line":487,"column":20},"end":{"line":487,"column":87}},"229":{"start":{"line":488,"column":20},"end":{"line":488,"column":81}},"230":{"start":{"line":490,"column":20},"end":{"line":490,"column":58}},"231":{"start":{"line":491,"column":20},"end":{"line":491,"column":53}},"232":{"start":{"line":494,"column":16},"end":{"line":494,"column":54}},"233":{"start":{"line":496,"column":16},"end":{"line":496,"column":47}},"234":{"start":{"line":497,"column":16},"end":{"line":497,"column":47}},"235":{"start":{"line":498,"column":16},"end":{"line":498,"column":49}},"236":{"start":{"line":500,"column":16},"end":{"line":500,"column":50}},"237":{"start":{"line":506,"column":28},"end":{"line":506,"column":71}},"238":{"start":{"line":507,"column":4},"end":{"line":513,"column":5}},"239":{"start":{"line":508,"column":8},"end":{"line":512,"column":9}},"240":{"start":{"line":509,"column":12},"end":{"line":509,"column":51}},"241":{"start":{"line":511,"column":12},"end":{"line":511,"column":51}},"242":{"start":{"line":518,"column":4},"end":{"line":518,"column":51}},"243":{"start":{"line":518,"column":44},"end":{"line":518,"column":51}},"244":{"start":{"line":520,"column":22},"end":{"line":520,"column":68}},"245":{"start":{"line":521,"column":32},"end":{"line":521,"column":72}},"246":{"start":{"line":524,"column":4},"end":{"line":524,"column":25}},"247":{"start":{"line":527,"column":23},"end":{"line":527,"column":52}},"248":{"start":{"line":528,"column":4},"end":{"line":528,"column":41}},"249":{"start":{"line":529,"column":4},"end":{"line":529,"column":56}},"250":{"start":{"line":530,"column":4},"end":{"line":530,"column":49}},"251":{"start":{"line":531,"column":4},"end":{"line":531,"column":43}},"252":{"start":{"line":532,"column":4},"end":{"line":532,"column":41}},"253":{"start":{"line":533,"column":4},"end":{"line":533,"column":47}},"254":{"start":{"line":534,"column":4},"end":{"line":534,"column":48}},"255":{"start":{"line":536,"column":4},"end":{"line":578,"column":5}},"256":{"start":{"line":538,"column":25},"end":{"line":548,"column":10}},"257":{"start":{"line":550,"column":8},"end":{"line":570,"column":9}},"258":{"start":{"line":551,"column":25},"end":{"line":551,"column":46}},"259":{"start":{"line":552,"column":12},"end":{"line":567,"column":13}},"260":{"start":{"line":554,"column":33},"end":{"line":554,"column":62}},"261":{"start":{"line":555,"column":16},"end":{"line":555,"column":51}},"262":{"start":{"line":556,"column":16},"end":{"line":556,"column":53}},"263":{"start":{"line":557,"column":16},"end":{"line":557,"column":60}},"264":{"start":{"line":558,"column":16},"end":{"line":558,"column":58}},"265":{"start":{"line":561,"column":16},"end":{"line":561,"column":81}},"266":{"start":{"line":564,"column":16},"end":{"line":564,"column":62}},"267":{"start":{"line":566,"column":16},"end":{"line":566,"column":61}},"268":{"start":{"line":569,"column":12},"end":{"line":569,"column":57}},"269":{"start":{"line":572,"column":8},"end":{"line":572,"column":44}},"270":{"start":{"line":573,"column":28},"end":{"line":573,"column":57}},"271":{"start":{"line":574,"column":8},"end":{"line":574,"column":46}},"272":{"start":{"line":575,"column":8},"end":{"line":575,"column":48}},"273":{"start":{"line":576,"column":8},"end":{"line":576,"column":99}},"274":{"start":{"line":577,"column":8},"end":{"line":577,"column":53}},"275":{"start":{"line":583,"column":4},"end":{"line":605,"column":5}},"276":{"start":{"line":585,"column":32},"end":{"line":596,"column":10}},"277":{"start":{"line":598,"column":8},"end":{"line":602,"column":9}},"278":{"start":{"line":599,"column":12},"end":{"line":599,"column":64}},"279":{"start":{"line":601,"column":12},"end":{"line":601,"column":60}},"280":{"start":{"line":604,"column":8},"end":{"line":604,"column":64}},"281":{"start":{"line":610,"column":4},"end":{"line":615,"column":5}},"282":{"start":{"line":611,"column":8},"end":{"line":611,"column":44}},"283":{"start":{"line":612,"column":8},"end":{"line":612,"column":43}},"284":{"start":{"line":614,"column":8},"end":{"line":614,"column":33}},"285":{"start":{"line":620,"column":4},"end":{"line":620,"column":42}},"286":{"start":{"line":621,"column":4},"end":{"line":621,"column":37}},"287":{"start":{"line":623,"column":4},"end":{"line":623,"column":31}},"288":{"start":{"line":628,"column":4},"end":{"line":631,"column":5}},"289":{"start":{"line":629,"column":8},"end":{"line":629,"column":29}},"290":{"start":{"line":630,"column":8},"end":{"line":630,"column":34}},"291":{"start":{"line":632,"column":4},"end":{"line":635,"column":5}},"292":{"start":{"line":633,"column":8},"end":{"line":633,"column":26}},"293":{"start":{"line":634,"column":8},"end":{"line":634,"column":31}},"294":{"start":{"line":641,"column":4},"end":{"line":645,"column":7}},"295":{"start":{"line":642,"column":8},"end":{"line":644,"column":9}},"296":{"start":{"line":643,"column":12},"end":{"line":643,"column":41}},"297":{"start":{"line":648,"column":4},"end":{"line":648,"column":37}}},"fnMap":{"0":{"name":"(anonymous_0)","decl":{"start":{"line":5,"column":34},"end":{"line":5,"column":35}},"loc":{"start":{"line":5,"column":40},"end":{"line":13,"column":3}},"line":5},"1":{"name":"(anonymous_1)","decl":{"start":{"line":7,"column":12},"end":{"line":7,"column":13}},"loc":{"start":{"line":7,"column":28},"end":{"line":9,"column":7}},"line":7},"2":{"name":"(anonymous_2)","decl":{"start":{"line":10,"column":13},"end":{"line":10,"column":14}},"loc":{"start":{"line":10,"column":34},"end":{"line":12,"column":7}},"line":10},"3":{"name":"(anonymous_3)","decl":{"start":{"line":49,"column":46},"end":{"line":49,"column":47}},"loc":{"start":{"line":49,"column":52},"end":{"line":54,"column":1}},"line":49},"4":{"name":"initializeTheme","decl":{"start":{"line":57,"column":9},"end":{"line":57,"column":24}},"loc":{"start":{"line":57,"column":27},"end":{"line":61,"column":1}},"line":57},"5":{"name":"updateTheme","decl":{"start":{"line":64,"column":9},"end":{"line":64,"column":20}},"loc":{"start":{"line":64,"column":23},"end":{"line":68,"column":1}},"line":64},"6":{"name":"setupEventListeners","decl":{"start":{"line":71,"column":9},"end":{"line":71,"column":28}},"loc":{"start":{"line":71,"column":31},"end":{"line":124,"column":1}},"line":71},"7":{"name":"(anonymous_7)","decl":{"start":{"line":82,"column":44},"end":{"line":82,"column":45}},"loc":{"start":{"line":82,"column":50},"end":{"line":82,"column":67}},"line":82},"8":{"name":"(anonymous_8)","decl":{"start":{"line":95,"column":28},"end":{"line":95,"column":29}},"loc":{"start":{"line":95,"column":37},"end":{"line":98,"column":5}},"line":95},"9":{"name":"(anonymous_9)","decl":{"start":{"line":97,"column":41},"end":{"line":97,"column":42}},"loc":{"start":{"line":97,"column":47},"end":{"line":97,"column":74}},"line":97},"10":{"name":"(anonymous_10)","decl":{"start":{"line":104,"column":45},"end":{"line":104,"column":46}},"loc":{"start":{"line":104,"column":51},"end":{"line":104,"column":83}},"line":104},"11":{"name":"(anonymous_11)","decl":{"start":{"line":105,"column":47},"end":{"line":105,"column":48}},"loc":{"start":{"line":105,"column":54},"end":{"line":109,"colum
[...]
end":{"line":331,"column":44}},{"start":{},"end":{}}],"line":331},"23":{"loc":{"start":{"line":347,"column":8},"end":{"line":361,"column":9}},"type":"if","locations":[{"start":{"line":347,"column":8},"end":{"line":361,"column":9}},{"start":{"line":359,"column":15},"end":{"line":361,"column":9}}],"line":347},"24":{"loc":{"start":{"line":349,"column":12},"end":{"line":358,"column":13}},"type":"if","locations":[{"start":{"line":349,"column":12},"end":{"line":358,"column":13}},{"start":{"line":356,"column":19},"end":{"line":358,"column":13}}],"line":349},"25":{"loc":{"start":{"line":387,"column":8},"end":{"line":391,"column":9}},"type":"if","locations":[{"start":{"line":387,"column":8},"end":{"line":391,"column":9}},{"start":{"line":389,"column":15},"end":{"line":391,"column":9}}],"line":387},"26":{"loc":{"start":{"line":403,"column":4},"end":{"line":405,"column":5}},"type":"if","locations":[{"start":{"line":403,"column":4},"end":{"line":405,"column":5}},{"start":{},"end":{}}],"line":403},"27":{"loc":{"start":{"line":409,"column":4},"end":{"line":431,"column":5}},"type":"if","locations":[{"start":{"line":409,"column":4},"end":{"line":431,"column":5}},{"start":{},"end":{}}],"line":409},"28":{"loc":{"start":{"line":411,"column":8},"end":{"line":423,"column":9}},"type":"if","locations":[{"start":{"line":411,"column":8},"end":{"line":423,"column":9}},{"start":{"line":415,"column":15},"end":{"line":423,"column":9}}],"line":411},"29":{"loc":{"start":{"line":415,"column":15},"end":{"line":423,"column":9}},"type":"if","locations":[{"start":{"line":415,"column":15},"end":{"line":423,"column":9}},{"start":{"line":419,"column":15},"end":{"line":423,"column":9}}],"line":415},"30":{"loc":{"start":{"line":427,"column":8},"end":{"line":430,"column":9}},"type":"if","locations":[{"start":{"line":427,"column":8},"end":{"line":430,"column":9}},{"start":{},"end":{}}],"line":427},"31":{"loc":{"start":{"line":435,"column":4},"end":{"line":452,"column":5}},"type":"if","locations":[{"start":{"line":435,"column":4},"end":{"line":452,"column":5}},{"start":{},"end":{}}],"line":435},"32":{"loc":{"start":{"line":435,"column":8},"end":{"line":435,"column":80}},"type":"binary-expr","locations":[{"start":{"line":435,"column":8},"end":{"line":435,"column":23}},{"start":{"line":435,"column":27},"end":{"line":435,"column":46}},{"start":{"line":435,"column":50},"end":{"line":435,"column":80}}],"line":435},"33":{"loc":{"start":{"line":439,"column":29},"end":{"line":439,"column":58}},"type":"binary-expr","locations":[{"start":{"line":439,"column":29},"end":{"line":439,"column":44}},{"start":{"line":439,"column":48},"end":{"line":439,"column":58}}],"line":439},"34":{"loc":{"start":{"line":444,"column":25},"end":{"line":444,"column":99}},"type":"cond-expr","locations":[{"start":{"line":444,"column":47},"end":{"line":444,"column":56}},{"start":{"line":444,"column":59},"end":{"line":444,"column":99}}],"line":444},"35":{"loc":{"start":{"line":444,"column":59},"end":{"line":444,"column":99}},"type":"cond-expr","locations":[{"start":{"line":444,"column":81},"end":{"line":444,"column":90}},{"start":{"line":444,"column":93},"end":{"line":444,"column":99}}],"line":444},"36":{"loc":{"start":{"line":446,"column":31},"end":{"line":447,"column":78}},"type":"cond-expr","locations":[{"start":{"line":446,"column":49},"end":{"line":446,"column":58}},{"start":{"line":447,"column":30},"end":{"line":447,"column":78}}],"line":446},"37":{"loc":{"start":{"line":447,"column":30},"end":{"line":447,"column":78}},"type":"cond-expr","locations":[{"start":{"line":447,"column":51},"end":{"line":447,"column":63}},{"start":{"line":447,"column":66},"end":{"line":447,"column":78}}],"line":447},"38":{"loc":{"start":{"line":456,"column":4},"end":{"line":503,"column":5}},"type":"if","locations":[{"start":{"line":456,"column":4},"end":{"line":503,"column":5}},{"start":{},"end":{}}],"line":456},"39":{"loc":{"start":{"line":456,"column":8},"end":{"line":456,"column":43}},"type":"binary-expr","locations":[{"start":{"line":456,"column":8},"end":{"line":456,"column":22}},{"start":{"line":456,"column":26},"end":{"line":456,"column":43}}],"line":456},"40":{"loc":{"start":{"line":458,"column":8},"end":{"line":502,"column":9}},"type":"if","locations":[{"start":{"line":458,"column":8},"end":{"line":502,"column":9}},{"start":{},"end":{}}],"line":458},"41":{"loc":{"start":{"line":481,"column":16},"end":{"line":492,"column":17}},"type":"if","locations":[{"start":{"line":481,"column":16},"end":{"line":492,"column":17}},{"start":{"line":485,"column":23},"end":{"line":492,"column":17}}],"line":481},"42":{"loc":{"start":{"line":482,"column":39},"end":{"line":482,"column":76}},"type":"binary-expr","locations":[{"start":{"line":482,"column":39},"end":{"line":482,"column":71}},{"start":{"line":482,"column":75},"end":{"line":482,"column":76}}],"line":482},"43":{"loc":{"start":{"line":483,"column":47},"end":{"line":483,"column":86}},"type":"cond-expr","locations":[{"start":{"line":483,"column":65},"end":{"line":483,"column":74}},{"start":{"line":483,"column":77},"end":{"line":483,"column":86}}],"line":483},"44":{"loc":{"start":{"line":485,"column":23},"end":{"line":492,"column":17}},"type":"if","locations":[{"start":{"line":485,"column":23},"end":{"line":492,"column":17}},{"start":{"line":489,"column":23},"end":{"line":492,"column":17}}],"line":485},"45":{"loc":{"start":{"line":486,"column":37},"end":{"line":486,"column":74}},"type":"binary-expr","locations":[{"start":{"line":486,"column":37},"end":{"line":486,"column":69}},{"start":{"line":486,"column":73},"end":{"line":486,"column":74}}],"line":486},"46":{"loc":{"start":{"line":487,"column":47},"end":{"line":487,"column":85}},"type":"cond-expr","locations":[{"start":{"line":487,"column":64},"end":{"line":487,"column":73}},{"start":{"line":487,"column":76},"end":{"line":487,"column":85}}],"line":487},"47":{"loc":{"start":{"line":507,"column":4},"end":{"line":513,"column":5}},"type":"if","locations":[{"start":{"line":507,"column":4},"end":{"line":513,"column":5}},{"start":{},"end":{}}],"line":507},"48":{"loc":{"start":{"line":508,"column":8},"end":{"line":512,"column":9}},"type":"if","locations":[{"start":{"line":508,"column":8},"end":{"line":512,"column":9}},{"start":{"line":510,"column":15},"end":{"line":512,"column":9}}],"line":508},"49":{"loc":{"start":{"line":518,"column":4},"end":{"line":518,"column":51}},"type":"if","locations":[{"start":{"line":518,"column":4},"end":{"line":518,"column":51}},{"start":{},"end":{}}],"line":518},"50":{"loc":{"start":{"line":518,"column":8},"end":{"line":518,"column":42}},"type":"binary-expr","locations":[{"start":{"line":518,"column":8},"end":{"line":518,"column":23}},{"start":{"line":518,"column":27},"end":{"line":518,"column":42}}],"line":518},"51":{"loc":{"start":{"line":550,"column":8},"end":{"line":570,"column":9}},"type":"if","locations":[{"start":{"line":550,"column":8},"end":{"line":570,"column":9}},{"start":{"line":568,"column":15},"end":{"line":570,"column":9}}],"line":550},"52":{"loc":{"start":{"line":552,"column":12},"end":{"line":567,"column":13}},"type":"if","locations":[{"start":{"line":552,"column":12},"end":{"line":567,"column":13}},{"start":{"line":565,"column":19},"end":{"line":567,"column":13}}],"line":552},"53":{"loc":{"start":{"line":591,"column":27},"end":{"line":591,"column":68}},"type":"cond-expr","locations":[{"start":{"line":591,"column":44},"end":{"line":591,"column":61}},{"start":{"line":591,"column":64},"end":{"line":591,"column":68}}],"line":591},"54":{"loc":{"start":{"line":598,"column":8},"end":{"line":602,"column":9}},"type":"if","locations":[{"start":{"line":598,"column":8},"end":{"line":602,"column":9}},{"start":{"line":600,"column":15},"end":{"line":602,"column":9}}],"line":598},"55":{"loc":{"start":{"line":610,"column":4},"end":{"line":615,"column":5}},"type":"if","locations":[{"start":{"line":610,"column":4},"end":{"line":615,"column":5}},{"start":{},"end":{}}],"line":610},"56":{"loc":{"start":{"line":628,"column":4},"end":{"line":631,"column":5}},"type":"if","locations":[{"start":{"line":628,"column":4},"end":{"line":631,"column":5}},{"start":{},"end":{}}],"line":628},"57":{"loc":{"start":{"line":632,"column":4},"end":{"line":635,"column":5}},"type":"if","locations":[{"start":{"line":632,"column":4},"end":{"line":635,"column":5}},{"start":{},"end":{}}],"line":632},"58":{"loc":{"start":{"line":642,"column":8},"end":{"line":644,"column":9}},"type":"if","locations":[{"start":{"line":642,"column":8},"end":{"line":644,"column":9}},{"start":{},"end":{}}],"line":642}},"s":{"0":0,"1":0,"2":0,"3":0,"4":0,"5":0,"6":0,"7":0,"8":0,"9":0,"10":0,"11":0,"12":0,"13":0,"14":0,"15":0,"16":0,"17":0,"18":0,"19":0,"20":0,"21":0,"22":0,"23":0,"24":0,"25":0,"26":0,"27":0,"28":0,"29":0,"30":0,"31":0,"32":0,"33":0,"34":0,"35":0,"36":0,"37":0,"38":0,"39":0,"40":0,"41":0,"42":0,"43":0,"44":0,"45":0,"46":0,"47":0,"48":0,"49":0,"50":0,"51":0,"52":0,"53":0,"54":0,"55":0,"56":0,"57":0,"58":0,"59":0,"60":0,"61":0,"62":0,"63":0,"64":0,"65":0,"66":0,"67":0,"68":0,"69":0,"70":0,"71":0,"72":0,"73":0,"74":0,"75":0,"76":0,"77":0,"78":0,"79":0,"80":0,"81":0,"82":0,"83":0,"84":0,"85":0,"86":0,"87":0,"88":0,"89":0,"90":0,"91":0,"92":0,"93":0,"94":0,"95":0,"96":0,"97":0,"98":0,"99":0,"100":0,"101":0,"102":0,"103":0,"104":0,"105":0,"106":0,"107":0,"108":0,"109":0,"110":0,"111":0,"112":0,"113":0,"114":0,"115":0,"116":0,"117":0,"118":0,"119":0,"120":0,"121":0,"122":0,"123":0,"124":0,"125":0,"126":0,"127":0,"128":0,"129":0,"130":0,"131":0,"132":0,"133":0,"134":0,"135":0,"136":0,"137":0,"138":0,"139":0,"140":0,"141":0,"142":0,"143":0,"144":0,"145":0,"146":0,"147":0,"148":0,"149":0,"150":0,"151":0,"152":0,"153":0,"154":0,"155":0,"156":0,"157":0,"158":0,"159":0,"160":0,"161":0,"162":0,"163":0,"164":0,"165":0,"166":0,"167":0,"168":0,"169":0,"170":0,"171":0,"172":0,"173":0,"174":0,"175":0,"176":0,"177":0,"178":0,"179":0,"180":0,"181":0,"182":0,"183":0,"184":0,"185":0,"186":0,"187":0,"188":0,"189":0,"190":0,"191":0,"192":0,"193":0,"194":0,"195":0,"196":0,"197":0,"198":0,"199":0,"200":0,"201":0,"202":0,"203":0,"204":0,"205":0,"206":0,"207":0,"208":0,"209":0,"210":0,"211":0,"212":0,"213":0,"214":0,"215":0,"216":0,"217":0,"218":0,"219":0,"220":0,"221":0,"222":0,"223":0,"224":0,"225":0,"226":0,"227":0,"228":0,"229":0,"230":0,"231":0,"232":0,"233":0,"234":0,"235":0,"236":0,"237":0,"238":0,"239":0,"240":0,"241":0,"242":0,"243":0,"244":0,"245":0,"246":0,"247":0,"248":0,"249":0,"250":0,"251":0,"252":0,"253":0,"254":0,"255":0,"256":0,"257":0,"258":0,"259":0,"260":0,"261":0,"262":0,"263":0,"264":0,"265":0,"266":0,"267":0,"268":0,"269":0,"270":0,"271":0,"272":0,"273":0,"274":0,"275":0,"276":0,"277":0,"278":0,"279":0,"280":0,"281":0,"282":0,"283":0,"284":0,"285":0,"286":0,"287":0,"288":0,"289":0,"290":0,"291":0,"292":0,"293":0,"294":0,"295":0,"296":0,"297":0},"f":{"0":0,"1":0,"2":0,"3":0,"4":0,"5":0,"6":0,"7":0,"8":0,"9":0,"10":0,"11":0,"12":0,"13":0,"14":0,"15":0,"16":0,"17":0,"18":0,"19":0,"20":0,"21":0,"22":0,"23":0,"24":0,"25":0,"26":0,"27":0,"28":0,"29":0,"30":0,"31":0,"32":0,"33":0,"34":0,"35":0,"36":0,"37":0,"38":0,"39":0,"40":0,"41":0,"42":0,"43":0,"44":0},"b":{"0":[0,0],"1":[0,0],"2":[0,0],"3":[0,0],"4":[0,0],"5":[0,0],"6":[0,0],"7":[0,0],"8":[0,0],"9":[0,0],"10":[0,0],"11":[0,0],"12":[0,0],"13":[0,0],"14":[0,0],"15":[0,0],"16":[0,0],"17":[0,0],"18":[0,0],"19":[0,0],"20":[0,0],"21":[0,0],"22":[0,0],"23":[0,0],"24":[0,0],"25":[0,0],"26":[0,0],"27":[0,0],"28":[0,0],"29":[0,0],"30":[0,0],"31":[0,0],"32":[0,0,0],"33":[0,0],"34":[0,0],"35":[0,0],"36":[0,0],"37":[0,0],"38":[0,0],"39":[0,0],"40":[0,0],"41":[0,0],"42":[0,0],"43":[0,0],"44":[0,0],"45":[0,0],"46":[0,0],"47":[0,0],"48":[0,0],"49":[0,0],"50":[0,0],"51":[0,0],"52":[0,0],"53":[0,0],"54":[0,0],"55":[0,0],"56":[0,0],"57":[0,0],"58":[0,0]}}
,"C:\\Users\\deepa\\Downloads\\SIKI\\scripts\\validate-structure.js": {"path":"C:\\Users\\deepa\\Downloads\\SIKI\\scripts\\validate-structure.js","statementMap":{"0":{"start":{"line":6,"column":11},"end":{"line":6,"column":24}},"1":{"start":{"line":7,"column":13},"end":{"line":7,"column":28}},"2":{"start":{"line":11,"column":2},"end":{"line":11,"column":33}},"3":{"start":{"line":16,"column":2},"end":{"line":16,"column":71}},"4":{"start":{"line":21,"column":2},"end":{"line":21,"column":42}},"5":{"start":{"line":21,"column":29},"end":{"line":21,"column":42}},"6":{"start":{"line":22,"column":22},"end":{"line":22,"column":55}},"7":{"start":{"line":23,"column":2},"end":{"line":23,"column":39}},"8":{"start":{"line":27,"column":16},"end":{"line":31,"column":1}},"9":{"start":{"line":35,"column":2},"end":{"line":35,"column":18}},"10":{"start":{"line":36,"column":2},"end":{"line":42,"column":3}},"11":{"start":{"line":37,"column":4},"end":{"line":37,"column":21}},"12":{"start":{"line":38,"column":4},"end":{"line":38,"column":36}},"13":{"start":{"line":40,"column":4},"end":{"line":40,"column":21}},"14":{"start":{"line":41,"column":4},"end":{"line":41,"column":36}},"15":{"start":{"line":46,"column":0},"end":{"line":46,"column":51}},"16":{"start":{"line":49,"column":0},"end":{"line":49,"column":42}},"17":{"start":{"line":50,"column":0},"end":{"line":50,"column":92}},"18":{"start":{"line":51,"column":0},"end":{"line":51,"column":96}},"19":{"start":{"line":52,"column":0},"end":{"line":52,"column":90}},"20":{"start":{"line":53,"column":0},"end":{"line":53,"column":80}},"21":{"start":{"line":54,"column":0},"end":{"line":54,"column":98}},"22":{"start":{"line":55,"column":0},"end":{"line":55,"column":82}},"23":{"start":{"line":58,"column":0},"end":{"line":58,"column":108}},"24":{"start":{"line":61,"column":0},"end":{"line":61,"column":85}},"25":{"start":{"line":62,"column":0},"end":{"line":67,"column":1}},"26":{"start":{"line":63,"column":2},"end":{"line":63,"column":141}},"27":{"start":{"line":66,"column":2},"end":{"line":66,"column":150}},"28":{"start":{"line":70,"column":0},"end":{"line":70,"column":39}},"29":{"start":{"line":71,"column":19},"end":{"line":71,"column":45}},"30":{"start":{"line":72,"column":0},"end":{"line":72,"column":92}},"31":{"start":{"line":73,"column":0},"end":{"line":73,"column":94}},"32":{"start":{"line":74,"column":0},"end":{"line":74,"column":96}},"33":{"start":{"line":75,"column":0},"end":{"line":75,"column":106}},"34":{"start":{"line":78,"column":0},"end":{"line":78,"column":38}},"35":{"start":{"line":79,"column":18},"end":{"line":79,"column":49}},"36":{"start":{"line":80,"column":0},"end":{"line":80,"column":81}},"37":{"start":{"line":81,"column":0},"end":{"line":81,"column":91}},"38":{"start":{"line":82,"column":0},"end":{"line":82,"column":85}},"39":{"start":{"line":83,"column":0},"end":{"line":83,"column":93}},"40":{"start":{"line":86,"column":0},"end":{"line":89,"column":1}},"41":{"start":{"line":87,"column":25},"end":{"line":87,"column":82}},"42":{"start":{"line":88,"column":2},"end":{"line":88,"column":89}},"43":{"start":{"line":92,"column":0},"end":{"line":92,"column":37}},"44":{"start":{"line":93,"column":17},"end":{"line":93,"column":47}},"45":{"start":{"line":94,"column":0},"end":{"line":94,"column":85}},"46":{"start":{"line":97,"column":0},"end":{"line":97,"column":36}},"47":{"start":{"line":98,"column":16},"end":{"line":98,"column":45}},"48":{"start":{"line":99,"column":0},"end":{"line":99,"column":99}},"49":{"start":{"line":100,"column":0},"end":{"line":100,"column":113}},"50":{"start":{"line":101,"column":0},"end":{"line":101,"column":101}},"51":{"start":{"line":104,"column":0},"end":{"line":104,"column":38}},"52":{"start":{"line":105,"column":0},"end":{"line":105,"column":78}},"53":{"start":{"line":108,"column":0},"end":{"line":108,"column":46}},"54":{"start":{"line":109,"column":0},"end":{"line":113,"column":1}},"55":{"start":{"line":110,"column":21},"end":{"line":110,"column":75}},"56":{"start":{"line":111,"column":2},"end":{"line":111,"column":92}},"57":{"start":{"line":116,"column":0},"end":{"line":116,"column":44}},"58":{"start":{"line":117,"column":0},"end":{"line":117,"column":97}},"59":{"start":{"line":120,"column":0},"end":{"line":120,"column":42}},"60":{"start":{"line":121,"column":0},"end":{"line":121,"column":33}},"61":{"start":{"line":122,"column":0},"end":{"line":122,"column":77}},"62":{"start":{"line":123,"column":0},"end":{"line":123,"column":45}},"63":{"start":{"line":126,"column":0},"end":{"line":126,"column":35}},"64":{"start":{"line":127,"column":0},"end":{"line":127,"column":34}},"65":{"start":{"line":128,"column":0},"end":{"line":128,"column":29}},"66":{"start":{"line":129,"column":0},"end":{"line":129,"column":46}},"67":{"start":{"line":130,"column":0},"end":{"line":130,"column":41}},"68":{"start":{"line":131,"column":0},"end":{"line":131,"column":41}},"69":{"start":{"line":132,"column":0},"end":{"line":132,"column":84}},"70":{"start":{"line":134,"column":0},"end":{"line":140,"column":1}},"71":{"start":{"line":135,"column":2},"end":{"line":135,"column":55}},"72":{"start":{"line":136,"column":2},"end":{"line":136,"column":68}},"73":{"start":{"line":138,"column":2},"end":{"line":138,"column":48}},"74":{"start":{"line":139,"column":2},"end":{"line":139,"column":38}}},"fnMap":{"0":{"name":"fileExists","decl":{"start":{"line":10,"column":9},"end":{"line":10,"column":19}},"loc":{"start":{"line":10,"column":30},"end":{"line":12,"column":1}},"line":10},"1":{"name":"dirExists","decl":{"start":{"line":15,"column":9},"end":{"line":15,"column":18}},"loc":{"start":{"line":15,"column":28},"end":{"line":17,"column":1}},"line":15},"2":{"name":"fileContains","decl":{"start":{"line":20,"column":9},"end":{"line":20,"column":21}},"loc":{"start":{"line":20,"column":41},"end":{"line":24,"column":1}},"line":20},"3":{"name":"validate","decl":{"start":{"line":34,"column":9},"end":{"line":34,"column":17}},"loc":{"start":{"line":34,"column":39},"end":{"line":43,"column":1}},"line":34}},"branchMap":{"0":{"loc":{"start":{"line":16,"column":9},"end":{"line":16,"column":70}},"type":"binary-expr","locations":[{"start":{"line":16,"column":9},"end":{"line":16,"column":31}},{"start":{"line":16,"column":35},"end":{"line":16,"column":70}}],"line":16},"1":{"loc":{"start":{"line":21,"column":2},"end":{"line":21,"column":42}},"type":"if","locations":[{"start":{"line":21,"column":2},"end":{"line":21,"column":42}},{"start":{},"end":{}}],"line":21},"2":{"loc":{"start":{"line":36,"column":2},"end":{"line":42,"column":3}},"type":"if","locations":[{"start":{"line":36,"column":2},"end":{"line":42,"column":3}},{"start":{"line":39,"column":9},"end":{"line":42,"column":3}}],"line":36},"3":{"loc":{"start":{"line":62,"column":0},"end":{"line":67,"column":1}},"type":"if","locations":[{"start":{"line":62,"column":0},"end":{"line":67,"column":1}},{"start":{"line":64,"column":7},"end":{"line":67,"column":1}}],"line":62},"4":{"loc":{"start":{"line":86,"column":0},"end":{"line":89,"column":1}},"type":"if","locations":[{"start":{"line":86,"column":0},"end":{"line":89,"column":1}},{"start":{},"end":{}}],"line":86},"5":{"loc":{"start":{"line":109,"column":0},"end":{"line":113,"column":1}},"type":"if","locations":[{"start":{"line":109,"column":0},"end":{"line":113,"column":1}},{"start":{},"end":{}}],"line":109},"6":{"loc":{"start":{"line":134,"column":0},"end":{"line":140,"column":1}},"type":"if","locations":[{"start":{"line":134,"column":0},"end":{"line":140,"column":1}},{"start":{"line":137,"column":7},"end":{"line":140,"column":1}}],"line":134}},"s":{"0":0,"1":0,"2":0,"3":0,"4":0,"5":0,"6":0,"7":0,"8":0,"9":0,"10":0,"11":0,"12":0,"13":0,"14":0,"15":0,"16":0,"17":0,"18":0,"19":0,"20":0,"21":0,"22":0,"23":0,"24":0,"25":0,"26":0,"27":0,"28":0,"29":0,"30":0,"31":0,"32":0,"33":0,"34":0,"35":0,"36":0,"37":0,"38":0,"39":0,"40":0,"41":0,"42":0,"43":0,"44":0,"45":0,"46":0,"47":0,"48":0,"49":0,"50":0,"51":0,"52":0,"53":0,"54":0,"55":0,"56":0,"57":0,"58":0,"59":0,"60":0,"61":0,"62":0,"63":0,"64":0,"65":0,"66":0,"67":0,"68":0,"69":0,"70":0,"71":0,"72":0,"73":0,"74":0},"f":{"0":0,"1":0,"2":0,"3":0},"b":{"0":[0,0],"1":[0,0],"2":[0,0],"3":[0,0],"4":[0,0],"5":[0,0],"6":[0,0]}}
}
