TN:
SF:server.js
FN:49,(anonymous_0)
FN:52,(anonymous_1)
FN:74,loadMobileNetModel
FN:93,(anonymous_3)
FN:129,(anonymous_4)
FN:167,(anonymous_5)
FN:198,(anonymous_6)
FN:321,analyzeOCRText
FN:326,(anonymous_8)
FN:350,(anonymous_9)
FN:352,(anonymous_10)
FN:358,(anonymous_11)
FN:374,(anonymous_12)
FN:376,(anonymous_13)
FN:386,(anonymous_14)
FN:388,(anonymous_15)
FN:401,(anonymous_16)
FN:409,(anonymous_17)
FN:518,generateEnhancedResponse
FN:543,(anonymous_19)
FN:544,(anonymous_20)
FN:561,(anonymous_21)
FN:593,(anonymous_22)
FN:623,(anonymous_23)
FN:653,(anonymous_24)
FN:666,(anonymous_25)
FN:701,(anonymous_26)
FN:731,(anonymous_27)
FN:740,(anonymous_28)
FNF:29
FNH:7
FNDA:0,(anonymous_0)
FNDA:0,(anonymous_1)
FNDA:1,loadMobileNetModel
FNDA:1,(anonymous_3)
FNDA:1,(anonymous_4)
FNDA:0,(anonymous_5)
FNDA:0,(anonymous_6)
FNDA:0,analyzeOCRText
FNDA:0,(anonymous_8)
FNDA:0,(anonymous_9)
FNDA:0,(anonymous_10)
FNDA:0,(anonymous_11)
FNDA:0,(anonymous_12)
FNDA:0,(anonymous_13)
FNDA:0,(anonymous_14)
FNDA:0,(anonymous_15)
FNDA:0,(anonymous_16)
FNDA:1,(anonymous_17)
FNDA:1,generateEnhancedResponse
FNDA:0,(anonymous_19)
FNDA:0,(anonymous_20)
FNDA:0,(anonymous_21)
FNDA:0,(anonymous_22)
FNDA:0,(anonymous_23)
FNDA:1,(anonymous_24)
FNDA:0,(anonymous_25)
FNDA:1,(anonymous_26)
FNDA:0,(anonymous_27)
FNDA:0,(anonymous_28)
DA:3,1
DA:4,1
DA:5,1
DA:6,1
DA:7,1
DA:8,1
DA:9,1
DA:12,1
DA:15,1
DA:16,1
DA:17,1
DA:18,1
DA:20,0
DA:21,0
DA:25,1
DA:26,1
DA:27,1
DA:29,1
DA:30,1
DA:31,0
DA:32,0
DA:34,1
DA:35,1
DA:39,1
DA:40,1
DA:43,1
DA:44,1
DA:45,1
DA:48,1
DA:50,0
DA:53,0
DA:57,1
DA:60,1
DA:61,0
DA:65,1
DA:68,1
DA:71,1
DA:75,1
DA:76,0
DA:77,0
DA:78,0
DA:80,0
DA:83,1
DA:88,1
DA:93,1
DA:94,1
DA:95,1
DA:97,1
DA:98,0
DA:102,1
DA:109,0
DA:110,0
DA:111,0
DA:112,0
DA:113,0
DA:115,0
DA:121,0
DA:123,1
DA:124,1
DA:129,1
DA:130,1
DA:131,1
DA:133,1
DA:134,0
DA:138,1
DA:147,0
DA:148,0
DA:149,0
DA:150,0
DA:151,0
DA:153,0
DA:159,0
DA:161,1
DA:162,1
DA:167,1
DA:168,0
DA:169,0
DA:170,0
DA:173,0
DA:177,0
DA:180,0
DA:181,0
DA:182,0
DA:183,0
DA:184,0
DA:185,0
DA:188,0
DA:193,0
DA:194,0
DA:198,0
DA:204,0
DA:205,0
DA:208,0
DA:212,0
DA:214,0
DA:217,0
DA:220,0
DA:221,0
DA:224,0
DA:225,0
DA:226,0
DA:229,0
DA:230,0
DA:231,0
DA:233,0
DA:235,0
DA:237,0
DA:238,0
DA:241,0
DA:243,0
DA:257,0
DA:259,0
DA:273,0
DA:276,0
DA:277,0
DA:278,0
DA:280,0
DA:296,0
DA:299,0
DA:300,0
DA:301,0
DA:306,0
DA:308,0
DA:313,0
DA:315,0
DA:316,0
DA:326,0
DA:327,0
DA:330,0
DA:331,0
DA:332,0
DA:334,0
DA:335,0
DA:336,0
DA:337,0
DA:338,0
DA:339,0
DA:340,0
DA:341,0
DA:342,0
DA:343,0
DA:344,0
DA:345,0
DA:349,0
DA:350,0
DA:351,0
DA:352,0
DA:357,0
DA:358,0
DA:359,0
DA:362,0
DA:363,0
DA:364,0
DA:365,0
DA:366,0
DA:372,0
DA:373,0
DA:374,0
DA:375,0
DA:376,0
DA:377,0
DA:378,0
DA:384,0
DA:385,0
DA:386,0
DA:387,0
DA:388,0
DA:389,0
DA:390,0
DA:395,0
DA:401,0
DA:409,1
DA:410,1
DA:411,1
DA:413,1
DA:414,0
DA:418,1
DA:419,1
DA:420,1
DA:421,1
DA:422,1
DA:423,0
DA:426,0
DA:431,1
DA:432,1
DA:433,0
DA:434,0
DA:435,0
DA:436,0
DA:439,0
DA:444,1
DA:446,1
DA:447,1
DA:449,1
DA:451,1
DA:452,0
DA:455,1
DA:456,0
DA:459,1
DA:461,1
DA:465,1
DA:466,1
DA:477,0
DA:480,1
DA:481,1
DA:484,0
DA:485,0
DA:489,0
DA:493,1
DA:494,1
DA:495,1
DA:503,0
DA:504,0
DA:506,1
DA:510,1
DA:512,0
DA:513,0
DA:520,1
DA:521,1
DA:525,0
DA:526,0
DA:527,0
DA:528,0
DA:529,0
DA:530,0
DA:531,0
DA:533,0
DA:538,0
DA:539,0
DA:540,0
DA:541,0
DA:542,0
DA:543,0
DA:544,0
DA:545,0
DA:549,0
DA:550,0
DA:552,0
DA:557,0
DA:558,0
DA:559,0
DA:560,0
DA:561,0
DA:562,0
DA:565,0
DA:566,0
DA:568,0
DA:573,0
DA:574,0
DA:575,0
DA:576,0
DA:577,0
DA:579,0
DA:584,0
DA:589,0
DA:593,1
DA:594,0
DA:595,0
DA:597,0
DA:598,0
DA:602,0
DA:603,0
DA:604,0
DA:608,0
DA:610,0
DA:611,0
DA:615,0
DA:617,0
DA:618,0
DA:623,1
DA:624,0
DA:625,0
DA:627,0
DA:628,0
DA:632,0
DA:633,0
DA:634,0
DA:635,0
DA:636,0
DA:637,0
DA:640,0
DA:641,0
DA:645,0
DA:647,0
DA:648,0
DA:653,1
DA:654,1
DA:657,1
DA:659,1
DA:660,1
DA:661,1
DA:666,1
DA:671,0
DA:676,1
DA:677,1
DA:693,1
DA:695,0
DA:696,0
DA:701,1
DA:702,1
DA:703,1
DA:707,1
DA:708,1
DA:709,1
DA:716,0
DA:717,0
DA:719,1
DA:723,1
DA:725,0
DA:726,0
DA:731,1
DA:732,0
DA:736,1
DA:739,1
DA:740,0
DA:741,0
LF:316
LH:101
BRDA:40,0,0,1
BRDA:40,0,1,0
BRDA:60,1,0,0
BRDA:60,1,1,1
BRDA:68,2,0,1
BRDA:68,2,1,0
BRDA:75,3,0,0
BRDA:75,3,1,1
BRDA:97,4,0,0
BRDA:97,4,1,1
BRDA:104,5,0,1
BRDA:104,5,1,0
BRDA:105,6,0,1
BRDA:105,6,1,0
BRDA:109,7,0,0
BRDA:109,7,1,0
BRDA:133,8,0,0
BRDA:133,8,1,1
BRDA:133,9,0,1
BRDA:133,9,1,1
BRDA:139,10,0,1
BRDA:139,10,1,0
BRDA:140,11,0,1
BRDA:140,11,1,0
BRDA:143,12,0,1
BRDA:143,12,1,0
BRDA:147,13,0,0
BRDA:147,13,1,0
BRDA:169,14,0,0
BRDA:169,14,1,0
BRDA:180,15,0,0
BRDA:180,15,1,0
BRDA:183,16,0,0
BRDA:183,16,1,0
BRDA:212,17,0,0
BRDA:212,17,1,0
BRDA:220,18,0,0
BRDA:220,18,1,0
BRDA:220,19,0,0
BRDA:220,19,1,0
BRDA:235,20,0,0
BRDA:235,20,1,0
BRDA:235,21,0,0
BRDA:235,21,1,0
BRDA:299,22,0,0
BRDA:299,22,1,0
BRDA:303,23,0,0
BRDA:303,23,1,0
BRDA:327,24,0,0
BRDA:327,24,1,0
BRDA:334,25,0,0
BRDA:334,25,1,0
BRDA:334,26,0,0
BRDA:334,26,1,0
BRDA:337,27,0,0
BRDA:337,27,1,0
BRDA:337,28,0,0
BRDA:337,28,1,0
BRDA:340,29,0,0
BRDA:340,29,1,0
BRDA:340,30,0,0
BRDA:340,30,1,0
BRDA:343,31,0,0
BRDA:343,31,1,0
BRDA:343,32,0,0
BRDA:343,32,1,0
BRDA:351,33,0,0
BRDA:351,33,1,0
BRDA:351,34,0,0
BRDA:351,34,1,0
BRDA:359,35,0,0
BRDA:359,35,1,0
BRDA:359,36,0,0
BRDA:359,36,1,0
BRDA:359,36,2,0
BRDA:359,36,3,0
BRDA:363,37,0,0
BRDA:363,37,1,0
BRDA:377,38,0,0
BRDA:377,38,1,0
BRDA:389,39,0,0
BRDA:389,39,1,0
BRDA:400,40,0,0
BRDA:400,40,1,0
BRDA:401,41,0,0
BRDA:401,41,1,0
BRDA:413,42,0,0
BRDA:413,42,1,1
BRDA:419,43,0,1
BRDA:419,43,1,0
BRDA:419,44,0,1
BRDA:419,44,1,1
BRDA:422,45,0,0
BRDA:422,45,1,1
BRDA:432,46,0,0
BRDA:432,46,1,1
BRDA:432,47,0,1
BRDA:432,47,1,1
BRDA:435,48,0,0
BRDA:435,48,1,0
BRDA:446,49,0,1
BRDA:446,49,1,0
BRDA:446,50,0,1
BRDA:446,50,1,1
BRDA:451,51,0,0
BRDA:451,51,1,1
BRDA:455,52,0,0
BRDA:455,52,1,1
BRDA:477,53,0,0
BRDA:477,53,1,0
BRDA:493,54,0,1
BRDA:493,54,1,0
BRDA:496,55,0,1
BRDA:496,55,1,0
BRDA:497,56,0,1
BRDA:497,56,1,1
BRDA:500,57,0,1
BRDA:500,57,1,0
BRDA:520,58,0,1
BRDA:520,58,1,0
BRDA:525,59,0,0
BRDA:525,59,1,0
BRDA:525,60,0,0
BRDA:525,60,1,0
BRDA:526,61,0,0
BRDA:526,61,1,0
BRDA:526,62,0,0
BRDA:526,62,1,0
BRDA:528,63,0,0
BRDA:528,63,1,0
BRDA:528,64,0,0
BRDA:528,64,1,0
BRDA:530,65,0,0
BRDA:530,65,1,0
BRDA:538,66,0,0
BRDA:538,66,1,0
BRDA:539,67,0,0
BRDA:539,67,1,0
BRDA:539,68,0,0
BRDA:539,68,1,0
BRDA:541,69,0,0
BRDA:541,69,1,0
BRDA:549,70,0,0
BRDA:549,70,1,0
BRDA:557,71,0,0
BRDA:557,71,1,0
BRDA:557,72,0,0
BRDA:557,72,1,0
BRDA:558,73,0,0
BRDA:558,73,1,0
BRDA:558,74,0,0
BRDA:558,74,1,0
BRDA:558,74,2,0
BRDA:565,75,0,0
BRDA:565,75,1,0
BRDA:573,76,0,0
BRDA:573,76,1,0
BRDA:573,77,0,0
BRDA:573,77,1,0
BRDA:574,78,0,0
BRDA:574,78,1,0
BRDA:576,79,0,0
BRDA:576,79,1,0
BRDA:585,80,0,0
BRDA:585,80,1,0
BRDA:585,81,0,0
BRDA:585,81,1,0
BRDA:586,82,0,0
BRDA:586,82,1,0
BRDA:586,83,0,0
BRDA:586,83,1,0
BRDA:587,84,0,0
BRDA:587,84,1,0
BRDA:597,85,0,0
BRDA:597,85,1,0
BRDA:597,86,0,0
BRDA:597,86,1,0
BRDA:602,87,0,0
BRDA:602,87,1,0
BRDA:606,88,0,0
BRDA:606,88,1,0
BRDA:627,89,0,0
BRDA:627,89,1,0
BRDA:633,90,0,0
BRDA:633,90,1,0
BRDA:636,91,0,0
BRDA:636,91,1,0
BRDA:659,92,0,1
BRDA:659,92,1,0
BRDA:676,93,0,1
BRDA:676,93,1,0
BRDA:707,94,0,1
BRDA:707,94,1,0
BRDA:710,95,0,1
BRDA:710,95,1,0
BRDA:711,96,0,1
BRDA:711,96,1,0
BRDA:712,97,0,1
BRDA:712,97,1,0
BRDA:739,98,0,0
BRDA:739,98,1,1
BRF:201
BRH:39
end_of_record
TN:
SF:scripts\fallback-db.js
FN:170,getFallbackData
FNF:1
FNH:0
FNDA:0,getFallbackData
DA:4,1
DA:172,0
DA:175,0
DA:176,0
DA:180,0
DA:181,0
DA:182,0
DA:187,0
LF:8
LH:1
BRDA:175,0,0,0
BRDA:175,0,1,0
BRDA:181,1,0,0
BRDA:181,1,1,0
BRDA:181,2,0,0
BRDA:181,2,1,0
BRF:6
BRH:0
end_of_record
TN:
SF:scripts\main.js
FN:5,(anonymous_0)
FN:7,(anonymous_1)
FN:10,(anonymous_2)
FN:49,(anonymous_3)
FN:57,initializeTheme
FN:64,updateTheme
FN:71,setupEventListeners
FN:82,(anonymous_7)
FN:95,(anonymous_8)
FN:97,(anonymous_9)
FN:104,(anonymous_10)
FN:105,(anonymous_11)
FN:118,(anonymous_12)
FN:127,toggleTheme
FN:133,openPreferences
FN:138,closePreferencesModal
FN:143,togglePreference
FN:149,saveUserPreferences
FN:152,(anonymous_18)
FN:156,(anonymous_19)
FN:158,(anonymous_20)
FN:160,(anonymous_21)
FN:189,loadUserPreferences
FN:203,(anonymous_23)
FN:219,loadRecentScans
FN:236,setupRealTimeListeners
FN:243,toggleCamera
FN:253,handleFileSelect
FN:265,simulateCameraCapture
FN:274,addImageToPreview
FN:290,(anonymous_30)
FN:303,removeImage
FN:319,updateAnalyzeButtonState
FN:330,analyzeImages
FN:373,logProductAnalysis
FN:398,processProductData
FN:437,(anonymous_36)
FN:463,(anonymous_37)
FN:517,sendChatMessage
FN:582,logChatInteraction
FN:609,navigateToResultPage
FN:619,navigateToHomePage
FN:627,cleanupRealTimeListeners
FN:639,toggleExpansionPanel
FN:641,(anonymous_44)
FNF:45
FNH:0
FNDA:0,(anonymous_0)
FNDA:0,(anonymous_1)
FNDA:0,(anonymous_2)
FNDA:0,(anonymous_3)
FNDA:0,initializeTheme
FNDA:0,updateTheme
FNDA:0,setupEventListeners
FNDA:0,(anonymous_7)
FNDA:0,(anonymous_8)
FNDA:0,(anonymous_9)
FNDA:0,(anonymous_10)
FNDA:0,(anonymous_11)
FNDA:0,(anonymous_12)
FNDA:0,toggleTheme
FNDA:0,openPreferences
FNDA:0,closePreferencesModal
FNDA:0,togglePreference
FNDA:0,saveUserPreferences
FNDA:0,(anonymous_18)
FNDA:0,(anonymous_19)
FNDA:0,(anonymous_20)
FNDA:0,(anonymous_21)
FNDA:0,loadUserPreferences
FNDA:0,(anonymous_23)
FNDA:0,loadRecentScans
FNDA:0,setupRealTimeListeners
FNDA:0,toggleCamera
FNDA:0,handleFileSelect
FNDA:0,simulateCameraCapture
FNDA:0,addImageToPreview
FNDA:0,(anonymous_30)
FNDA:0,removeImage
FNDA:0,updateAnalyzeButtonState
FNDA:0,analyzeImages
FNDA:0,logProductAnalysis
FNDA:0,processProductData
FNDA:0,(anonymous_36)
FNDA:0,(anonymous_37)
FNDA:0,sendChatMessage
FNDA:0,logChatInteraction
FNDA:0,navigateToResultPage
FNDA:0,navigateToHomePage
FNDA:0,cleanupRealTimeListeners
FNDA:0,toggleExpansionPanel
FNDA:0,(anonymous_44)
DA:4,0
DA:5,0
DA:6,0
DA:8,0
DA:11,0
DA:17,0
DA:18,0
DA:19,0
DA:20,0
DA:21,0
DA:22,0
DA:23,0
DA:24,0
DA:25,0
DA:26,0
DA:27,0
DA:28,0
DA:29,0
DA:32,0
DA:33,0
DA:34,0
DA:35,0
DA:36,0
DA:39,0
DA:40,0
DA:41,0
DA:42,0
DA:43,0
DA:44,0
DA:45,0
DA:46,0
DA:49,0
DA:50,0
DA:51,0
DA:52,0
DA:53,0
DA:58,0
DA:59,0
DA:60,0
DA:65,0
DA:66,0
DA:67,0
DA:73,0
DA:76,0
DA:79,0
DA:82,0
DA:83,0
DA:86,0
DA:89,0
DA:92,0
DA:95,0
DA:96,0
DA:97,0
DA:101,0
DA:102,0
DA:103,0
DA:104,0
DA:105,0
DA:106,0
DA:107,0
DA:113,0
DA:114,0
DA:115,0
DA:118,0
DA:119,0
DA:123,0
DA:128,0
DA:129,0
DA:134,0
DA:139,0
DA:144,0
DA:145,0
DA:151,0
DA:152,0
DA:155,0
DA:157,0
DA:159,0
DA:161,0
DA:165,0
DA:166,0
DA:177,0
DA:178,0
DA:179,0
DA:181,0
DA:184,0
DA:190,0
DA:191,0
DA:192,0
DA:193,0
DA:194,0
DA:196,0
DA:203,0
DA:204,0
DA:205,0
DA:206,0
DA:210,0
DA:214,0
DA:220,0
DA:221,0
DA:222,0
DA:223,0
DA:224,0
DA:225,0
DA:231,0
DA:239,0
DA:244,0
DA:245,0
DA:246,0
DA:249,0
DA:254,0
DA:255,0
DA:257,0
DA:258,0
DA:260,0
DA:268,0
DA:269,0
DA:270,0
DA:275,0
DA:278,0
DA:281,0
DA:282,0
DA:285,0
DA:286,0
DA:287,0
DA:290,0
DA:291,0
DA:292,0
DA:296,0
DA:299,0
DA:305,0
DA:308,0
DA:311,0
DA:312,0
DA:315,0
DA:320,0
DA:321,0
DA:322,0
DA:324,0
DA:325,0
DA:331,0
DA:334,0
DA:335,0
DA:337,0
DA:339,0
DA:340,0
DA:342,0
DA:347,0
DA:348,0
DA:349,0
DA:351,0
DA:352,0
DA:355,0
DA:357,0
DA:360,0
DA:363,0
DA:364,0
DA:367,0
DA:368,0
DA:374,0
DA:376,0
DA:387,0
DA:388,0
DA:390,0
DA:393,0
DA:399,0
DA:402,0
DA:403,0
DA:404,0
DA:408,0
DA:409,0
DA:411,0
DA:412,0
DA:413,0
DA:414,0
DA:415,0
DA:416,0
DA:417,0
DA:418,0
DA:420,0
DA:421,0
DA:422,0
DA:425,0
DA:426,0
DA:427,0
DA:428,0
DA:429,0
DA:434,0
DA:435,0
DA:436,0
DA:437,0
DA:438,0
DA:439,0
DA:442,0
DA:444,0
DA:445,0
DA:446,0
DA:448,0
DA:450,0
DA:455,0
DA:456,0
DA:457,0
DA:458,0
DA:460,0
DA:463,0
DA:464,0
DA:465,0
DA:467,0
DA:468,0
DA:469,0
DA:471,0
DA:472,0
DA:473,0
DA:475,0
DA:476,0
DA:478,0
DA:479,0
DA:481,0
DA:482,0
DA:483,0
DA:484,0
DA:485,0
DA:486,0
DA:487,0
DA:488,0
DA:490,0
DA:491,0
DA:494,0
DA:496,0
DA:497,0
DA:498,0
DA:500,0
DA:506,0
DA:507,0
DA:508,0
DA:509,0
DA:511,0
DA:518,0
DA:520,0
DA:521,0
DA:524,0
DA:527,0
DA:528,0
DA:529,0
DA:530,0
DA:531,0
DA:532,0
DA:533,0
DA:534,0
DA:536,0
DA:538,0
DA:550,0
DA:551,0
DA:552,0
DA:554,0
DA:555,0
DA:556,0
DA:557,0
DA:558,0
DA:561,0
DA:564,0
DA:566,0
DA:569,0
DA:572,0
DA:573,0
DA:574,0
DA:575,0
DA:576,0
DA:577,0
DA:583,0
DA:585,0
DA:598,0
DA:599,0
DA:601,0
DA:604,0
DA:610,0
DA:611,0
DA:612,0
DA:614,0
DA:620,0
DA:621,0
DA:623,0
DA:628,0
DA:629,0
DA:630,0
DA:632,0
DA:633,0
DA:634,0
DA:641,0
DA:642,0
DA:643,0
DA:648,0
LF:291
LH:0
BRDA:4,0,0,0
BRDA:4,0,1,0
BRDA:59,1,0,0
BRDA:59,1,1,0
BRDA:67,2,0,0
BRDA:67,2,1,0
BRDA:103,3,0,0
BRDA:103,3,1,0
BRDA:103,4,0,0
BRDA:103,4,1,0
BRDA:106,5,0,0
BRDA:106,5,1,0
BRDA:128,6,0,0
BRDA:128,6,1,0
BRDA:177,7,0,0
BRDA:177,7,1,0
BRDA:192,8,0,0
BRDA:192,8,1,0
BRDA:194,9,0,0
BRDA:194,9,1,0
BRDA:197,10,0,0
BRDA:197,10,1,0
BRDA:198,11,0,0
BRDA:198,11,1,0
BRDA:199,12,0,0
BRDA:199,12,1,0
BRDA:205,13,0,0
BRDA:205,13,1,0
BRDA:222,14,0,0
BRDA:222,14,1,0
BRDA:224,15,0,0
BRDA:224,15,1,0
BRDA:224,16,0,0
BRDA:224,16,1,0
BRDA:246,17,0,0
BRDA:246,17,1,0
BRDA:249,18,0,0
BRDA:249,18,1,0
BRDA:255,19,0,0
BRDA:255,19,1,0
BRDA:311,20,0,0
BRDA:311,20,1,0
BRDA:320,21,0,0
BRDA:320,21,1,0
BRDA:331,22,0,0
BRDA:331,22,1,0
BRDA:347,23,0,0
BRDA:347,23,1,0
BRDA:349,24,0,0
BRDA:349,24,1,0
BRDA:387,25,0,0
BRDA:387,25,1,0
BRDA:403,26,0,0
BRDA:403,26,1,0
BRDA:409,27,0,0
BRDA:409,27,1,0
BRDA:411,28,0,0
BRDA:411,28,1,0
BRDA:415,29,0,0
BRDA:415,29,1,0
BRDA:427,30,0,0
BRDA:427,30,1,0
BRDA:435,31,0,0
BRDA:435,31,1,0
BRDA:435,32,0,0
BRDA:435,32,1,0
BRDA:435,32,2,0
BRDA:439,33,0,0
BRDA:439,33,1,0
BRDA:444,34,0,0
BRDA:444,34,1,0
BRDA:444,35,0,0
BRDA:444,35,1,0
BRDA:446,36,0,0
BRDA:446,36,1,0
BRDA:447,37,0,0
BRDA:447,37,1,0
BRDA:456,38,0,0
BRDA:456,38,1,0
BRDA:456,39,0,0
BRDA:456,39,1,0
BRDA:458,40,0,0
BRDA:458,40,1,0
BRDA:481,41,0,0
BRDA:481,41,1,0
BRDA:482,42,0,0
BRDA:482,42,1,0
BRDA:483,43,0,0
BRDA:483,43,1,0
BRDA:485,44,0,0
BRDA:485,44,1,0
BRDA:486,45,0,0
BRDA:486,45,1,0
BRDA:487,46,0,0
BRDA:487,46,1,0
BRDA:507,47,0,0
BRDA:507,47,1,0
BRDA:508,48,0,0
BRDA:508,48,1,0
BRDA:518,49,0,0
BRDA:518,49,1,0
BRDA:518,50,0,0
BRDA:518,50,1,0
BRDA:550,51,0,0
BRDA:550,51,1,0
BRDA:552,52,0,0
BRDA:552,52,1,0
BRDA:591,53,0,0
BRDA:591,53,1,0
BRDA:598,54,0,0
BRDA:598,54,1,0
BRDA:610,55,0,0
BRDA:610,55,1,0
BRDA:628,56,0,0
BRDA:628,56,1,0
BRDA:632,57,0,0
BRDA:632,57,1,0
BRDA:642,58,0,0
BRDA:642,58,1,0
BRF:119
BRH:0
end_of_record
TN:
SF:scripts\validate-structure.js
FN:10,fileExists
FN:15,dirExists
FN:20,fileContains
FN:34,validate
FNF:4
FNH:0
FNDA:0,fileExists
FNDA:0,dirExists
FNDA:0,fileContains
FNDA:0,validate
DA:6,0
DA:7,0
DA:11,0
DA:16,0
DA:21,0
DA:22,0
DA:23,0
DA:27,0
DA:35,0
DA:36,0
DA:37,0
DA:38,0
DA:40,0
DA:41,0
DA:46,0
DA:49,0
DA:50,0
DA:51,0
DA:52,0
DA:53,0
DA:54,0
DA:55,0
DA:58,0
DA:61,0
DA:62,0
DA:63,0
DA:66,0
DA:70,0
DA:71,0
DA:72,0
DA:73,0
DA:74,0
DA:75,0
DA:78,0
DA:79,0
DA:80,0
DA:81,0
DA:82,0
DA:83,0
DA:86,0
DA:87,0
DA:88,0
DA:92,0
DA:93,0
DA:94,0
DA:97,0
DA:98,0
DA:99,0
DA:100,0
DA:101,0
DA:104,0
DA:105,0
DA:108,0
DA:109,0
DA:110,0
DA:111,0
DA:116,0
DA:117,0
DA:120,0
DA:121,0
DA:122,0
DA:123,0
DA:126,0
DA:127,0
DA:128,0
DA:129,0
DA:130,0
DA:131,0
DA:132,0
DA:134,0
DA:135,0
DA:136,0
DA:138,0
DA:139,0
LF:74
LH:0
BRDA:16,0,0,0
BRDA:16,0,1,0
BRDA:21,1,0,0
BRDA:21,1,1,0
BRDA:36,2,0,0
BRDA:36,2,1,0
BRDA:62,3,0,0
BRDA:62,3,1,0
BRDA:86,4,0,0
BRDA:86,4,1,0
BRDA:109,5,0,0
BRDA:109,5,1,0
BRDA:134,6,0,0
BRDA:134,6,1,0
BRF:14
BRH:0
end_of_record
